2025-05-21 11:41:54,378 - root - INFO - Cleaning up Chrome processes...
2025-05-21 11:41:56,006 - root - INFO - Chrome process cleanup completed
2025-05-21 11:41:56,041 - root - INFO - Cleaning up Chrome processes...
2025-05-21 11:41:57,239 - root - INFO - Chrome process cleanup completed
2025-05-21 11:44:21,735 - root - INFO - Cleaning up Chrome processes...
2025-05-21 11:44:22,948 - root - INFO - Chrome process cleanup completed
2025-05-21 11:44:25,113 - root - INFO - Cleaning up Chrome processes...
2025-05-21 11:44:26,278 - root - INFO - Chrome process cleanup completed
2025-05-21 11:48:36,446 - root - INFO - Cleaning up Chrome processes...
2025-05-21 11:48:37,561 - root - INFO - Chrome process cleanup completed
2025-05-21 11:48:41,160 - root - INFO - Cleaning up Chrome processes...
2025-05-21 11:48:42,271 - root - INFO - Chrome process cleanup completed
2025-05-21 11:48:47,491 - root - INFO - Cleaning up Chrome processes...
2025-05-21 11:49:06,367 - root - INFO - Cleaning up Chrome processes...
2025-05-21 11:49:07,421 - root - INFO - Chrome process cleanup completed
2025-05-21 11:49:30,750 - root - INFO - Cleaning up Chrome processes...
2025-05-21 11:49:31,938 - root - INFO - Chrome process cleanup completed
2025-05-21 11:49:37,263 - root - INFO - Cleaning up Chrome processes...
2025-05-21 11:49:38,405 - root - INFO - Chrome process cleanup completed
2025-05-21 11:49:45,601 - root - INFO - Cleaning up Chrome processes...
2025-05-21 11:49:46,781 - root - INFO - Chrome process cleanup completed
2025-05-21 11:50:21,342 - root - INFO - Cleaning up Chrome processes...
2025-05-21 11:50:22,582 - root - INFO - Chrome process cleanup completed
2025-05-21 11:51:09,168 - root - INFO - Cleaning up Chrome processes...
2025-05-21 11:51:10,353 - root - INFO - Chrome process cleanup completed
2025-05-21 11:51:16,074 - root - INFO - Cleaning up Chrome processes...
2025-05-21 11:51:17,291 - root - INFO - Chrome process cleanup completed
2025-05-21 11:51:17,300 - root - INFO - Cleaning up Chrome processes...
2025-05-21 11:51:18,665 - root - INFO - Chrome process cleanup completed
2025-05-21 11:51:26,816 - root - INFO - Cleaning up Chrome processes...
2025-05-21 11:51:27,909 - root - INFO - Chrome process cleanup completed
2025-05-21 11:51:44,547 - root - INFO - Cleaning up Chrome processes...
2025-05-21 11:51:45,823 - root - INFO - Chrome process cleanup completed
2025-05-21 11:51:51,414 - root - INFO - Cleaning up Chrome processes...
2025-05-21 11:51:52,592 - root - INFO - Chrome process cleanup completed
2025-05-21 11:52:24,846 - root - INFO - Cleaning up Chrome processes...
2025-05-21 11:52:26,079 - root - INFO - Chrome process cleanup completed
2025-05-21 11:52:31,416 - root - INFO - Cleaning up Chrome processes...
2025-05-21 11:52:32,602 - root - INFO - Chrome process cleanup completed
2025-05-21 11:53:01,789 - app.database.config - ERROR - Erro ao inicializar cliente Supabase: Client.__init__() got an unexpected keyword argument 'proxy'
2025-05-21 11:53:01,790 - app.database.config - ERROR - Erro ao contar usu치rios: Client.__init__() got an unexpected keyword argument 'proxy'
2025-05-21 11:53:01,790 - app.database.config - ERROR - Erro ao inicializar cliente Supabase: Client.__init__() got an unexpected keyword argument 'proxy'
2025-05-21 11:53:01,791 - app.database.config - ERROR - Erro ao registrar usu치rio: Client.__init__() got an unexpected keyword argument 'proxy'
2025-05-21 11:53:52,595 - root - INFO - Cleaning up Chrome processes...
2025-05-21 11:53:53,773 - root - INFO - Chrome process cleanup completed
2025-05-21 11:53:59,288 - root - INFO - Cleaning up Chrome processes...
2025-05-21 11:54:00,612 - root - INFO - Chrome process cleanup completed
2025-05-21 11:54:00,623 - root - INFO - Cleaning up Chrome processes...
2025-05-21 11:54:01,823 - root - INFO - Chrome process cleanup completed
2025-05-21 11:54:07,238 - root - INFO - Cleaning up Chrome processes...
2025-05-21 11:54:08,366 - root - INFO - Chrome process cleanup completed
2025-05-21 11:54:08,369 - app.database.config - ERROR - Erro ao inicializar cliente Supabase: Client.__init__() got an unexpected keyword argument 'proxy'
2025-05-21 11:54:08,370 - app.database.config - ERROR - Erro ao contar usu치rios: Client.__init__() got an unexpected keyword argument 'proxy'
2025-05-21 11:54:08,370 - app.database.config - ERROR - Erro ao inicializar cliente Supabase: Client.__init__() got an unexpected keyword argument 'proxy'
2025-05-21 11:54:08,370 - app.database.config - ERROR - Erro ao registrar usu치rio: Client.__init__() got an unexpected keyword argument 'proxy'
2025-05-21 11:54:17,821 - root - INFO - Cleaning up Chrome processes...
2025-05-21 11:54:18,965 - root - INFO - Chrome process cleanup completed
2025-05-21 11:54:25,834 - root - INFO - Cleaning up Chrome processes...
2025-05-21 11:54:27,087 - root - INFO - Chrome process cleanup completed
2025-05-21 11:54:29,214 - app.database.config - INFO - Cliente Supabase inicializado com sucesso
2025-05-21 11:54:29,504 - httpx - INFO - HTTP Request: GET https://tvcnimbrqzimfggfhqst.supabase.co/rest/v1/users?select=count "HTTP/2 200 OK"
2025-05-21 11:54:29,541 - httpx - INFO - HTTP Request: GET https://tvcnimbrqzimfggfhqst.supabase.co/rest/v1/users?select=id&username=eq.rodrigo "HTTP/2 200 OK"
2025-05-21 11:54:29,594 - httpx - INFO - HTTP Request: POST https://tvcnimbrqzimfggfhqst.supabase.co/rest/v1/users "HTTP/2 201 Created"
2025-05-21 11:54:33,277 - httpx - INFO - HTTP Request: GET https://tvcnimbrqzimfggfhqst.supabase.co/rest/v1/users?select=count "HTTP/2 200 OK"
2025-05-21 11:54:56,921 - httpx - INFO - HTTP Request: GET https://tvcnimbrqzimfggfhqst.supabase.co/rest/v1/users?select=%2A&username=eq.rodrigo&password=eq.a3161042f7e0bb70ec4c076125dcab17f3802313b40eaf7873cb9870609b2c00 "HTTP/2 200 OK"
2025-05-21 11:57:50,773 - root - INFO - Cleaning up Chrome processes...
2025-05-21 11:57:52,133 - root - INFO - Chrome process cleanup completed
2025-05-21 11:57:57,408 - root - INFO - Cleaning up Chrome processes...
2025-05-21 11:57:58,664 - root - INFO - Chrome process cleanup completed
2025-05-21 11:58:05,682 - root - INFO - Cleaning up Chrome processes...
2025-05-21 11:58:07,174 - root - INFO - Chrome process cleanup completed
2025-05-21 11:58:12,344 - root - INFO - Cleaning up Chrome processes...
2025-05-21 11:58:13,686 - root - INFO - Chrome process cleanup completed
2025-05-21 11:58:18,462 - root - INFO - Cleaning up Chrome processes...
2025-05-21 11:58:19,820 - root - INFO - Chrome process cleanup completed
2025-05-21 11:58:25,044 - root - INFO - Cleaning up Chrome processes...
2025-05-21 11:58:26,324 - root - INFO - Chrome process cleanup completed
2025-05-21 11:58:42,915 - root - INFO - Cleaning up Chrome processes...
2025-05-21 11:58:44,214 - root - INFO - Chrome process cleanup completed
2025-05-21 11:59:13,513 - root - INFO - Cleaning up Chrome processes...
2025-05-21 11:59:14,921 - root - INFO - Chrome process cleanup completed
2025-05-21 11:59:20,018 - root - INFO - Cleaning up Chrome processes...
2025-05-21 11:59:21,294 - root - INFO - Chrome process cleanup completed
2025-05-21 11:59:21,306 - root - INFO - Cleaning up Chrome processes...
2025-05-21 11:59:22,516 - root - INFO - Chrome process cleanup completed
2025-05-21 11:59:27,593 - root - INFO - Cleaning up Chrome processes...
2025-05-21 11:59:28,846 - root - INFO - Chrome process cleanup completed
2025-05-21 11:59:44,376 - root - INFO - Cleaning up Chrome processes...
2025-05-21 11:59:45,712 - root - INFO - Chrome process cleanup completed
2025-05-21 11:59:51,001 - root - INFO - Cleaning up Chrome processes...
2025-05-21 11:59:52,153 - root - INFO - Chrome process cleanup completed
2025-05-21 12:02:42,994 - root - INFO - Cleaning up Chrome processes...
2025-05-21 12:02:44,187 - root - INFO - Chrome process cleanup completed
2025-05-21 12:03:13,086 - app.database.config - INFO - Cliente Supabase inicializado com sucesso
2025-05-21 12:03:13,373 - httpx - INFO - HTTP Request: GET https://tvcnimbrqzimfggfhqst.supabase.co/rest/v1/users?select=%2A&username=eq.rodrigo&password=eq.a3161042f7e0bb70ec4c076125dcab17f3802313b40eaf7873cb9870609b2c00 "HTTP/2 200 OK"
2025-05-21 12:05:29,826 - root - INFO - Cleaning up Chrome processes...
2025-05-21 12:05:31,138 - root - INFO - Chrome process cleanup completed
2025-05-21 12:05:31,274 - root - INFO - Cleaning up Chrome processes...
2025-05-21 12:05:32,588 - root - INFO - Chrome process cleanup completed
2025-05-21 12:05:37,790 - root - INFO - Cleaning up Chrome processes...
2025-05-21 12:05:39,066 - root - INFO - Chrome process cleanup completed
2025-05-21 12:05:54,398 - app.database.config - INFO - Cliente Supabase inicializado com sucesso
2025-05-21 12:05:54,662 - httpx - INFO - HTTP Request: GET https://tvcnimbrqzimfggfhqst.supabase.co/rest/v1/users?select=%2A&username=eq.rodrigo&password=eq.a3161042f7e0bb70ec4c076125dcab17f3802313b40eaf7873cb9870609b2c00 "HTTP/2 200 OK"
2025-05-21 12:06:33,728 - httpx - INFO - HTTP Request: GET https://tvcnimbrqzimfggfhqst.supabase.co/rest/v1/fila_cnpj?select=%2A&cnpj=eq.00064078000170 "HTTP/2 200 OK"
2025-05-21 12:06:33,777 - httpx - INFO - HTTP Request: GET https://tvcnimbrqzimfggfhqst.supabase.co/rest/v1/fila_cnpj?select=%2A&cnpj=eq.00134826000143 "HTTP/2 200 OK"
2025-05-21 12:06:33,824 - httpx - INFO - HTTP Request: GET https://tvcnimbrqzimfggfhqst.supabase.co/rest/v1/fila_cnpj?select=%2A&cnpj=eq.00134826000224 "HTTP/2 200 OK"
2025-05-21 12:06:33,877 - httpx - INFO - HTTP Request: GET https://tvcnimbrqzimfggfhqst.supabase.co/rest/v1/fila_cnpj?select=%2A&cnpj=eq.00157019000146 "HTTP/2 200 OK"
2025-05-21 12:06:33,912 - httpx - INFO - HTTP Request: GET https://tvcnimbrqzimfggfhqst.supabase.co/rest/v1/fila_cnpj?select=%2A&cnpj=eq.00209119000179 "HTTP/2 200 OK"
2025-05-21 12:06:33,950 - httpx - INFO - HTTP Request: GET https://tvcnimbrqzimfggfhqst.supabase.co/rest/v1/fila_cnpj?select=%2A&cnpj=eq.00276748000111 "HTTP/2 200 OK"
2025-05-21 12:06:33,986 - httpx - INFO - HTTP Request: GET https://tvcnimbrqzimfggfhqst.supabase.co/rest/v1/fila_cnpj?select=%2A&cnpj=eq.00375319000100 "HTTP/2 200 OK"
2025-05-21 12:06:34,011 - httpx - INFO - HTTP Request: GET https://tvcnimbrqzimfggfhqst.supabase.co/rest/v1/fila_cnpj?select=%2A&cnpj=eq.00378460000158 "HTTP/2 200 OK"
2025-05-21 12:06:34,040 - httpx - INFO - HTTP Request: GET https://tvcnimbrqzimfggfhqst.supabase.co/rest/v1/fila_cnpj?select=%2A&cnpj=eq.00583279000183 "HTTP/2 200 OK"
2025-05-21 12:06:34,075 - httpx - INFO - HTTP Request: GET https://tvcnimbrqzimfggfhqst.supabase.co/rest/v1/fila_cnpj?select=%2A&cnpj=eq.00848780000124 "HTTP/2 200 OK"
2025-05-21 12:06:34,107 - httpx - INFO - HTTP Request: GET https://tvcnimbrqzimfggfhqst.supabase.co/rest/v1/fila_cnpj?select=%2A&cnpj=eq.00848780000205 "HTTP/2 200 OK"
2025-05-21 12:06:34,150 - httpx - INFO - HTTP Request: GET https://tvcnimbrqzimfggfhqst.supabase.co/rest/v1/fila_cnpj?select=%2A&cnpj=eq.00933158000203 "HTTP/2 200 OK"
2025-05-21 12:06:34,194 - httpx - INFO - HTTP Request: GET https://tvcnimbrqzimfggfhqst.supabase.co/rest/v1/fila_cnpj?select=%2A&cnpj=eq.00959318000102 "HTTP/2 200 OK"
2025-05-21 12:06:34,245 - httpx - INFO - HTTP Request: GET https://tvcnimbrqzimfggfhqst.supabase.co/rest/v1/fila_cnpj?select=%2A&cnpj=eq.01021990000107 "HTTP/2 200 OK"
2025-05-21 12:06:34,284 - httpx - INFO - HTTP Request: GET https://tvcnimbrqzimfggfhqst.supabase.co/rest/v1/fila_cnpj?select=%2A&cnpj=eq.01144171000157 "HTTP/2 200 OK"
2025-05-21 12:06:34,312 - httpx - INFO - HTTP Request: GET https://tvcnimbrqzimfggfhqst.supabase.co/rest/v1/fila_cnpj?select=%2A&cnpj=eq.01270462000191 "HTTP/2 200 OK"
2025-05-21 12:06:34,353 - httpx - INFO - HTTP Request: GET https://tvcnimbrqzimfggfhqst.supabase.co/rest/v1/fila_cnpj?select=%2A&cnpj=eq.01393667000164 "HTTP/2 200 OK"
2025-05-21 12:06:34,396 - httpx - INFO - HTTP Request: GET https://tvcnimbrqzimfggfhqst.supabase.co/rest/v1/fila_cnpj?select=%2A&cnpj=eq.01440521000122 "HTTP/2 200 OK"
2025-05-21 12:06:34,453 - httpx - INFO - HTTP Request: GET https://tvcnimbrqzimfggfhqst.supabase.co/rest/v1/fila_cnpj?select=%2A&cnpj=eq.01515934000129 "HTTP/2 200 OK"
2025-05-21 12:06:34,483 - httpx - INFO - HTTP Request: GET https://tvcnimbrqzimfggfhqst.supabase.co/rest/v1/fila_cnpj?select=%2A&cnpj=eq.01574509700108 "HTTP/2 200 OK"
2025-05-21 12:06:34,513 - httpx - INFO - HTTP Request: GET https://tvcnimbrqzimfggfhqst.supabase.co/rest/v1/fila_cnpj?select=%2A&cnpj=eq.01590984700168 "HTTP/2 200 OK"
2025-05-21 12:06:34,542 - httpx - INFO - HTTP Request: GET https://tvcnimbrqzimfggfhqst.supabase.co/rest/v1/fila_cnpj?select=%2A&cnpj=eq.01689746000117 "HTTP/2 200 OK"
2025-05-21 12:06:34,572 - httpx - INFO - HTTP Request: GET https://tvcnimbrqzimfggfhqst.supabase.co/rest/v1/fila_cnpj?select=%2A&cnpj=eq.01699604000130 "HTTP/2 200 OK"
2025-05-21 12:06:34,607 - httpx - INFO - HTTP Request: GET https://tvcnimbrqzimfggfhqst.supabase.co/rest/v1/fila_cnpj?select=%2A&cnpj=eq.01799319000191 "HTTP/2 200 OK"
2025-05-21 12:06:34,643 - httpx - INFO - HTTP Request: POST https://tvcnimbrqzimfggfhqst.supabase.co/rest/v1/fila_cnpj "HTTP/2 201 Created"
2025-05-21 12:06:36,963 - httpx - INFO - HTTP Request: POST https://tvcnimbrqzimfggfhqst.supabase.co/rest/v1/fila_cnpj "HTTP/2 201 Created"
2025-05-21 12:06:37,005 - httpx - INFO - HTTP Request: POST https://tvcnimbrqzimfggfhqst.supabase.co/rest/v1/fila_cnpj "HTTP/2 201 Created"
2025-05-21 12:06:37,052 - httpx - INFO - HTTP Request: POST https://tvcnimbrqzimfggfhqst.supabase.co/rest/v1/fila_cnpj "HTTP/2 201 Created"
2025-05-21 12:06:37,087 - httpx - INFO - HTTP Request: POST https://tvcnimbrqzimfggfhqst.supabase.co/rest/v1/fila_cnpj "HTTP/2 201 Created"
2025-05-21 12:06:37,120 - httpx - INFO - HTTP Request: POST https://tvcnimbrqzimfggfhqst.supabase.co/rest/v1/fila_cnpj "HTTP/2 201 Created"
2025-05-21 12:06:37,170 - httpx - INFO - HTTP Request: POST https://tvcnimbrqzimfggfhqst.supabase.co/rest/v1/fila_cnpj "HTTP/2 201 Created"
2025-05-21 12:06:37,299 - httpx - INFO - HTTP Request: POST https://tvcnimbrqzimfggfhqst.supabase.co/rest/v1/fila_cnpj "HTTP/2 201 Created"
2025-05-21 12:06:37,335 - httpx - INFO - HTTP Request: POST https://tvcnimbrqzimfggfhqst.supabase.co/rest/v1/fila_cnpj "HTTP/2 201 Created"
2025-05-21 12:06:37,374 - httpx - INFO - HTTP Request: POST https://tvcnimbrqzimfggfhqst.supabase.co/rest/v1/fila_cnpj "HTTP/2 201 Created"
2025-05-21 12:06:37,431 - httpx - INFO - HTTP Request: POST https://tvcnimbrqzimfggfhqst.supabase.co/rest/v1/fila_cnpj "HTTP/2 201 Created"
2025-05-21 12:06:37,467 - httpx - INFO - HTTP Request: POST https://tvcnimbrqzimfggfhqst.supabase.co/rest/v1/fila_cnpj "HTTP/2 201 Created"
2025-05-21 12:06:37,512 - httpx - INFO - HTTP Request: POST https://tvcnimbrqzimfggfhqst.supabase.co/rest/v1/fila_cnpj "HTTP/2 201 Created"
2025-05-21 12:06:37,546 - httpx - INFO - HTTP Request: POST https://tvcnimbrqzimfggfhqst.supabase.co/rest/v1/fila_cnpj "HTTP/2 201 Created"
2025-05-21 12:06:37,608 - httpx - INFO - HTTP Request: POST https://tvcnimbrqzimfggfhqst.supabase.co/rest/v1/fila_cnpj "HTTP/2 201 Created"
2025-05-21 12:06:37,644 - httpx - INFO - HTTP Request: POST https://tvcnimbrqzimfggfhqst.supabase.co/rest/v1/fila_cnpj "HTTP/2 201 Created"
2025-05-21 12:06:37,682 - httpx - INFO - HTTP Request: POST https://tvcnimbrqzimfggfhqst.supabase.co/rest/v1/fila_cnpj "HTTP/2 201 Created"
2025-05-21 12:06:37,716 - httpx - INFO - HTTP Request: POST https://tvcnimbrqzimfggfhqst.supabase.co/rest/v1/fila_cnpj "HTTP/2 201 Created"
2025-05-21 12:06:37,766 - httpx - INFO - HTTP Request: POST https://tvcnimbrqzimfggfhqst.supabase.co/rest/v1/fila_cnpj "HTTP/2 201 Created"
2025-05-21 12:06:37,807 - httpx - INFO - HTTP Request: POST https://tvcnimbrqzimfggfhqst.supabase.co/rest/v1/fila_cnpj "HTTP/2 201 Created"
2025-05-21 12:06:37,841 - httpx - INFO - HTTP Request: POST https://tvcnimbrqzimfggfhqst.supabase.co/rest/v1/fila_cnpj "HTTP/2 201 Created"
2025-05-21 12:06:37,885 - httpx - INFO - HTTP Request: POST https://tvcnimbrqzimfggfhqst.supabase.co/rest/v1/fila_cnpj "HTTP/2 201 Created"
2025-05-21 12:06:37,922 - httpx - INFO - HTTP Request: POST https://tvcnimbrqzimfggfhqst.supabase.co/rest/v1/fila_cnpj "HTTP/2 201 Created"
2025-05-21 12:06:37,958 - httpx - INFO - HTTP Request: POST https://tvcnimbrqzimfggfhqst.supabase.co/rest/v1/fila_cnpj "HTTP/2 201 Created"
2025-05-21 12:18:36,518 - root - INFO - Cleaning up Chrome processes...
2025-05-21 12:18:37,649 - root - INFO - Chrome process cleanup completed
2025-05-21 12:18:43,162 - root - INFO - Cleaning up Chrome processes...
2025-05-21 12:18:44,303 - root - INFO - Chrome process cleanup completed
2025-05-21 12:18:44,735 - root - INFO - Cleaning up Chrome processes...
2025-05-21 12:18:45,836 - root - INFO - Chrome process cleanup completed
2025-05-21 12:18:51,182 - root - INFO - Cleaning up Chrome processes...
2025-05-21 12:18:52,404 - root - INFO - Chrome process cleanup completed
2025-05-21 12:18:52,492 - root - INFO - Cleaning up Chrome processes...
2025-05-21 12:18:53,645 - root - INFO - Chrome process cleanup completed
2025-05-21 12:18:58,786 - root - INFO - Cleaning up Chrome processes...
2025-05-21 12:19:00,000 - root - INFO - Chrome process cleanup completed
2025-05-21 12:26:22,747 - root - INFO - Cleaning up Chrome processes...
2025-05-21 12:26:23,912 - root - INFO - Chrome process cleanup completed
2025-05-21 12:26:30,348 - root - INFO - Cleaning up Chrome processes...
2025-05-21 12:26:31,542 - root - INFO - Chrome process cleanup completed
2025-05-21 12:26:31,559 - root - INFO - Cleaning up Chrome processes...
2025-05-21 12:26:32,676 - root - INFO - Chrome process cleanup completed
2025-05-21 12:26:37,867 - root - INFO - Cleaning up Chrome processes...
2025-05-21 12:26:44,548 - root - INFO - Cleaning up Chrome processes...
2025-05-21 12:26:46,013 - root - INFO - Chrome process cleanup completed
2025-05-21 12:26:53,216 - app.database.config - INFO - Cliente Supabase inicializado com sucesso
2025-05-21 12:26:53,510 - httpx - INFO - HTTP Request: GET https://tvcnimbrqzimfggfhqst.supabase.co/rest/v1/users?select=%2A&username=eq.rodrigo&password=eq.a3161042f7e0bb70ec4c076125dcab17f3802313b40eaf7873cb9870609b2c00 "HTTP/2 200 OK"
2025-05-21 12:26:55,075 - httpx - INFO - HTTP Request: GET https://tvcnimbrqzimfggfhqst.supabase.co/rest/v1/fila_cnpj?select=%2A&user_id=eq.1 "HTTP/2 200 OK"
2025-05-21 12:26:56,974 - httpx - INFO - HTTP Request: GET https://tvcnimbrqzimfggfhqst.supabase.co/rest/v1/fila_cnpj?select=%2A&user_id=eq.1 "HTTP/2 200 OK"
2025-05-21 12:27:02,242 - httpx - INFO - HTTP Request: GET https://tvcnimbrqzimfggfhqst.supabase.co/rest/v1/fila_cnpj?select=%2A&user_id=eq.1 "HTTP/2 200 OK"
2025-05-21 12:27:07,190 - httpx - INFO - HTTP Request: GET https://tvcnimbrqzimfggfhqst.supabase.co/rest/v1/fila_cnpj?select=%2A&user_id=eq.1 "HTTP/2 200 OK"
2025-05-21 12:27:12,190 - httpx - INFO - HTTP Request: GET https://tvcnimbrqzimfggfhqst.supabase.co/rest/v1/fila_cnpj?select=%2A&user_id=eq.1 "HTTP/2 200 OK"
2025-05-21 12:27:17,190 - httpx - INFO - HTTP Request: GET https://tvcnimbrqzimfggfhqst.supabase.co/rest/v1/fila_cnpj?select=%2A&user_id=eq.1 "HTTP/2 200 OK"
2025-05-21 12:27:22,187 - httpx - INFO - HTTP Request: GET https://tvcnimbrqzimfggfhqst.supabase.co/rest/v1/fila_cnpj?select=%2A&user_id=eq.1 "HTTP/2 200 OK"
2025-05-21 12:27:27,228 - httpx - INFO - HTTP Request: GET https://tvcnimbrqzimfggfhqst.supabase.co/rest/v1/fila_cnpj?select=%2A&user_id=eq.1 "HTTP/2 200 OK"
2025-05-21 12:27:32,194 - httpx - INFO - HTTP Request: GET https://tvcnimbrqzimfggfhqst.supabase.co/rest/v1/fila_cnpj?select=%2A&user_id=eq.1 "HTTP/2 200 OK"
2025-05-21 12:27:33,334 - root - INFO - Cleaning up Chrome processes...
2025-05-21 12:27:34,573 - root - INFO - Chrome process cleanup completed
2025-05-21 12:27:39,655 - root - INFO - Cleaning up Chrome processes...
2025-05-21 12:27:41,027 - root - INFO - Chrome process cleanup completed
2025-05-21 12:27:41,241 - app.database.config - INFO - Cliente Supabase inicializado com sucesso
2025-05-21 12:27:41,326 - httpx - INFO - HTTP Request: GET https://tvcnimbrqzimfggfhqst.supabase.co/rest/v1/fila_cnpj?select=%2A&user_id=eq.1 "HTTP/2 200 OK"
2025-05-21 12:27:42,188 - httpx - INFO - HTTP Request: GET https://tvcnimbrqzimfggfhqst.supabase.co/rest/v1/fila_cnpj?select=%2A&user_id=eq.1 "HTTP/2 200 OK"
2025-05-21 12:27:43,063 - root - INFO - Cleaning up Chrome processes...
2025-05-21 12:27:44,302 - root - INFO - Chrome process cleanup completed
2025-05-21 12:27:50,615 - root - INFO - Cleaning up Chrome processes...
2025-05-21 12:27:51,817 - root - INFO - Chrome process cleanup completed
2025-05-21 12:27:52,371 - app.database.config - INFO - Cliente Supabase inicializado com sucesso
2025-05-21 12:27:52,440 - httpx - INFO - HTTP Request: GET https://tvcnimbrqzimfggfhqst.supabase.co/rest/v1/fila_cnpj?select=%2A&user_id=eq.1 "HTTP/2 200 OK"
2025-05-21 12:27:55,189 - httpx - INFO - HTTP Request: GET https://tvcnimbrqzimfggfhqst.supabase.co/rest/v1/fila_cnpj?select=%2A&user_id=eq.1 "HTTP/2 200 OK"
2025-05-21 12:28:00,184 - httpx - INFO - HTTP Request: GET https://tvcnimbrqzimfggfhqst.supabase.co/rest/v1/fila_cnpj?select=%2A&user_id=eq.1 "HTTP/2 200 OK"
2025-05-21 12:28:07,214 - httpx - INFO - HTTP Request: GET https://tvcnimbrqzimfggfhqst.supabase.co/rest/v1/fila_cnpj?select=%2A&user_id=eq.1 "HTTP/2 200 OK"
2025-05-21 12:28:07,749 - httpx - INFO - HTTP Request: GET https://tvcnimbrqzimfggfhqst.supabase.co/rest/v1/fila_cnpj?select=%2A&user_id=eq.1 "HTTP/2 200 OK"
2025-05-21 12:28:10,192 - httpx - INFO - HTTP Request: GET https://tvcnimbrqzimfggfhqst.supabase.co/rest/v1/fila_cnpj?select=%2A&user_id=eq.1 "HTTP/2 200 OK"
2025-05-21 12:28:12,754 - httpx - INFO - HTTP Request: GET https://tvcnimbrqzimfggfhqst.supabase.co/rest/v1/fila_cnpj?select=%2A&user_id=eq.1 "HTTP/2 200 OK"
2025-05-21 12:28:15,180 - httpx - INFO - HTTP Request: GET https://tvcnimbrqzimfggfhqst.supabase.co/rest/v1/fila_cnpj?select=%2A&user_id=eq.1 "HTTP/2 200 OK"
2025-05-21 12:28:18,184 - httpx - INFO - HTTP Request: GET https://tvcnimbrqzimfggfhqst.supabase.co/rest/v1/fila_cnpj?select=%2A&user_id=eq.1 "HTTP/2 200 OK"
2025-05-21 12:28:20,186 - httpx - INFO - HTTP Request: GET https://tvcnimbrqzimfggfhqst.supabase.co/rest/v1/fila_cnpj?select=%2A&user_id=eq.1 "HTTP/2 200 OK"
2025-05-21 12:28:23,217 - httpx - INFO - HTTP Request: GET https://tvcnimbrqzimfggfhqst.supabase.co/rest/v1/fila_cnpj?select=%2A&user_id=eq.1 "HTTP/2 200 OK"
2025-05-21 12:28:25,199 - httpx - INFO - HTTP Request: GET https://tvcnimbrqzimfggfhqst.supabase.co/rest/v1/fila_cnpj?select=%2A&user_id=eq.1 "HTTP/2 200 OK"
2025-05-21 12:28:28,192 - httpx - INFO - HTTP Request: GET https://tvcnimbrqzimfggfhqst.supabase.co/rest/v1/fila_cnpj?select=%2A&user_id=eq.1 "HTTP/2 200 OK"
2025-05-21 12:28:30,186 - httpx - INFO - HTTP Request: GET https://tvcnimbrqzimfggfhqst.supabase.co/rest/v1/fila_cnpj?select=%2A&user_id=eq.1 "HTTP/2 200 OK"
2025-05-21 12:28:33,189 - httpx - INFO - HTTP Request: GET https://tvcnimbrqzimfggfhqst.supabase.co/rest/v1/fila_cnpj?select=%2A&user_id=eq.1 "HTTP/2 200 OK"
2025-05-21 12:28:35,196 - httpx - INFO - HTTP Request: GET https://tvcnimbrqzimfggfhqst.supabase.co/rest/v1/fila_cnpj?select=%2A&user_id=eq.1 "HTTP/2 200 OK"
2025-05-21 12:28:38,362 - httpx - INFO - HTTP Request: GET https://tvcnimbrqzimfggfhqst.supabase.co/rest/v1/fila_cnpj?select=%2A&user_id=eq.1 "HTTP/2 200 OK"
2025-05-21 12:28:40,184 - httpx - INFO - HTTP Request: GET https://tvcnimbrqzimfggfhqst.supabase.co/rest/v1/fila_cnpj?select=%2A&user_id=eq.1 "HTTP/2 200 OK"
2025-05-21 12:28:43,185 - httpx - INFO - HTTP Request: GET https://tvcnimbrqzimfggfhqst.supabase.co/rest/v1/fila_cnpj?select=%2A&user_id=eq.1 "HTTP/2 200 OK"
2025-05-21 12:28:45,179 - httpx - INFO - HTTP Request: GET https://tvcnimbrqzimfggfhqst.supabase.co/rest/v1/fila_cnpj?select=%2A&user_id=eq.1 "HTTP/2 200 OK"
2025-05-21 12:28:48,181 - httpx - INFO - HTTP Request: GET https://tvcnimbrqzimfggfhqst.supabase.co/rest/v1/fila_cnpj?select=%2A&user_id=eq.1 "HTTP/2 200 OK"
2025-05-21 12:28:50,196 - httpx - INFO - HTTP Request: GET https://tvcnimbrqzimfggfhqst.supabase.co/rest/v1/fila_cnpj?select=%2A&user_id=eq.1 "HTTP/2 200 OK"
2025-05-21 12:28:53,181 - httpx - INFO - HTTP Request: GET https://tvcnimbrqzimfggfhqst.supabase.co/rest/v1/fila_cnpj?select=%2A&user_id=eq.1 "HTTP/2 200 OK"
2025-05-21 12:28:55,177 - httpx - INFO - HTTP Request: GET https://tvcnimbrqzimfggfhqst.supabase.co/rest/v1/fila_cnpj?select=%2A&user_id=eq.1 "HTTP/2 200 OK"
2025-05-21 12:28:58,190 - httpx - INFO - HTTP Request: GET https://tvcnimbrqzimfggfhqst.supabase.co/rest/v1/fila_cnpj?select=%2A&user_id=eq.1 "HTTP/2 200 OK"
2025-05-21 12:29:00,181 - httpx - INFO - HTTP Request: GET https://tvcnimbrqzimfggfhqst.supabase.co/rest/v1/fila_cnpj?select=%2A&user_id=eq.1 "HTTP/2 200 OK"
2025-05-21 12:29:03,179 - httpx - INFO - HTTP Request: GET https://tvcnimbrqzimfggfhqst.supabase.co/rest/v1/fila_cnpj?select=%2A&user_id=eq.1 "HTTP/2 200 OK"
2025-05-21 12:29:05,182 - httpx - INFO - HTTP Request: GET https://tvcnimbrqzimfggfhqst.supabase.co/rest/v1/fila_cnpj?select=%2A&user_id=eq.1 "HTTP/2 200 OK"
2025-05-21 12:29:08,193 - httpx - INFO - HTTP Request: GET https://tvcnimbrqzimfggfhqst.supabase.co/rest/v1/fila_cnpj?select=%2A&user_id=eq.1 "HTTP/2 200 OK"
2025-05-21 12:29:10,186 - httpx - INFO - HTTP Request: GET https://tvcnimbrqzimfggfhqst.supabase.co/rest/v1/fila_cnpj?select=%2A&user_id=eq.1 "HTTP/2 200 OK"
2025-05-21 12:29:13,173 - httpx - INFO - HTTP Request: GET https://tvcnimbrqzimfggfhqst.supabase.co/rest/v1/fila_cnpj?select=%2A&user_id=eq.1 "HTTP/2 200 OK"
2025-05-21 12:29:15,185 - httpx - INFO - HTTP Request: GET https://tvcnimbrqzimfggfhqst.supabase.co/rest/v1/fila_cnpj?select=%2A&user_id=eq.1 "HTTP/2 200 OK"
2025-05-21 12:29:40,225 - httpx - INFO - HTTP Request: GET https://tvcnimbrqzimfggfhqst.supabase.co/rest/v1/fila_cnpj?select=%2A&user_id=eq.1 "HTTP/2 200 OK"
2025-05-21 12:29:40,269 - httpx - INFO - HTTP Request: GET https://tvcnimbrqzimfggfhqst.supabase.co/rest/v1/fila_cnpj?select=%2A&user_id=eq.1 "HTTP/2 200 OK"
2025-05-21 12:30:40,398 - httpx - INFO - HTTP Request: GET https://tvcnimbrqzimfggfhqst.supabase.co/rest/v1/fila_cnpj?select=%2A&user_id=eq.1 "HTTP/2 200 OK"
2025-05-21 12:30:40,463 - httpx - INFO - HTTP Request: GET https://tvcnimbrqzimfggfhqst.supabase.co/rest/v1/fila_cnpj?select=%2A&user_id=eq.1 "HTTP/2 200 OK"
2025-05-21 12:31:40,227 - httpx - INFO - HTTP Request: GET https://tvcnimbrqzimfggfhqst.supabase.co/rest/v1/fila_cnpj?select=%2A&user_id=eq.1 "HTTP/2 200 OK"
2025-05-21 12:31:40,273 - httpx - INFO - HTTP Request: GET https://tvcnimbrqzimfggfhqst.supabase.co/rest/v1/fila_cnpj?select=%2A&user_id=eq.1 "HTTP/2 200 OK"
2025-05-21 12:32:40,430 - httpx - INFO - HTTP Request: GET https://tvcnimbrqzimfggfhqst.supabase.co/rest/v1/fila_cnpj?select=%2A&user_id=eq.1 "HTTP/2 200 OK"
2025-05-21 12:32:40,494 - httpx - INFO - HTTP Request: GET https://tvcnimbrqzimfggfhqst.supabase.co/rest/v1/fila_cnpj?select=%2A&user_id=eq.1 "HTTP/2 200 OK"
2025-05-21 12:33:08,746 - httpx - INFO - HTTP Request: GET https://tvcnimbrqzimfggfhqst.supabase.co/rest/v1/fila_cnpj?select=%2A&user_id=eq.1 "HTTP/2 200 OK"
2025-05-21 12:33:09,173 - httpx - INFO - HTTP Request: GET https://tvcnimbrqzimfggfhqst.supabase.co/rest/v1/fila_cnpj?select=%2A&user_id=eq.1 "HTTP/2 200 OK"
2025-05-21 12:33:10,190 - httpx - INFO - HTTP Request: GET https://tvcnimbrqzimfggfhqst.supabase.co/rest/v1/fila_cnpj?select=%2A&user_id=eq.1 "HTTP/2 200 OK"
2025-05-21 12:33:12,774 - httpx - INFO - HTTP Request: GET https://tvcnimbrqzimfggfhqst.supabase.co/rest/v1/fila_cnpj?select=%2A&user_id=eq.1 "HTTP/2 200 OK"
2025-05-21 12:33:15,193 - httpx - INFO - HTTP Request: GET https://tvcnimbrqzimfggfhqst.supabase.co/rest/v1/fila_cnpj?select=%2A&user_id=eq.1 "HTTP/2 200 OK"
2025-05-21 12:33:17,761 - httpx - INFO - HTTP Request: GET https://tvcnimbrqzimfggfhqst.supabase.co/rest/v1/fila_cnpj?select=%2A&user_id=eq.1 "HTTP/2 200 OK"
2025-05-21 12:33:20,181 - httpx - INFO - HTTP Request: GET https://tvcnimbrqzimfggfhqst.supabase.co/rest/v1/fila_cnpj?select=%2A&user_id=eq.1 "HTTP/2 200 OK"
2025-05-21 12:33:22,756 - httpx - INFO - HTTP Request: GET https://tvcnimbrqzimfggfhqst.supabase.co/rest/v1/fila_cnpj?select=%2A&user_id=eq.1 "HTTP/2 200 OK"
2025-05-21 12:33:25,223 - httpx - INFO - HTTP Request: GET https://tvcnimbrqzimfggfhqst.supabase.co/rest/v1/fila_cnpj?select=%2A&user_id=eq.1 "HTTP/2 200 OK"
2025-05-21 12:33:27,760 - httpx - INFO - HTTP Request: GET https://tvcnimbrqzimfggfhqst.supabase.co/rest/v1/fila_cnpj?select=%2A&user_id=eq.1 "HTTP/2 200 OK"
2025-05-21 12:33:30,192 - httpx - INFO - HTTP Request: GET https://tvcnimbrqzimfggfhqst.supabase.co/rest/v1/fila_cnpj?select=%2A&user_id=eq.1 "HTTP/2 200 OK"
2025-05-21 12:33:32,771 - httpx - INFO - HTTP Request: GET https://tvcnimbrqzimfggfhqst.supabase.co/rest/v1/fila_cnpj?select=%2A&user_id=eq.1 "HTTP/2 200 OK"
2025-05-21 12:33:35,195 - httpx - INFO - HTTP Request: GET https://tvcnimbrqzimfggfhqst.supabase.co/rest/v1/fila_cnpj?select=%2A&user_id=eq.1 "HTTP/2 200 OK"
2025-05-21 12:33:37,760 - httpx - INFO - HTTP Request: GET https://tvcnimbrqzimfggfhqst.supabase.co/rest/v1/fila_cnpj?select=%2A&user_id=eq.1 "HTTP/2 200 OK"
2025-05-21 12:33:40,198 - httpx - INFO - HTTP Request: GET https://tvcnimbrqzimfggfhqst.supabase.co/rest/v1/fila_cnpj?select=%2A&user_id=eq.1 "HTTP/2 200 OK"
2025-05-21 12:33:43,257 - httpx - INFO - HTTP Request: GET https://tvcnimbrqzimfggfhqst.supabase.co/rest/v1/fila_cnpj?select=%2A&user_id=eq.1 "HTTP/2 200 OK"
2025-05-21 12:33:45,192 - httpx - INFO - HTTP Request: GET https://tvcnimbrqzimfggfhqst.supabase.co/rest/v1/fila_cnpj?select=%2A&user_id=eq.1 "HTTP/2 200 OK"
2025-05-21 12:33:48,185 - httpx - INFO - HTTP Request: GET https://tvcnimbrqzimfggfhqst.supabase.co/rest/v1/fila_cnpj?select=%2A&user_id=eq.1 "HTTP/2 200 OK"
2025-05-21 12:33:50,196 - httpx - INFO - HTTP Request: GET https://tvcnimbrqzimfggfhqst.supabase.co/rest/v1/fila_cnpj?select=%2A&user_id=eq.1 "HTTP/2 200 OK"
2025-05-21 12:33:53,194 - httpx - INFO - HTTP Request: GET https://tvcnimbrqzimfggfhqst.supabase.co/rest/v1/fila_cnpj?select=%2A&user_id=eq.1 "HTTP/2 200 OK"
2025-05-21 12:33:55,190 - httpx - INFO - HTTP Request: GET https://tvcnimbrqzimfggfhqst.supabase.co/rest/v1/fila_cnpj?select=%2A&user_id=eq.1 "HTTP/2 200 OK"
2025-05-21 12:33:58,202 - httpx - INFO - HTTP Request: GET https://tvcnimbrqzimfggfhqst.supabase.co/rest/v1/fila_cnpj?select=%2A&user_id=eq.1 "HTTP/2 200 OK"
2025-05-21 12:34:00,204 - httpx - INFO - HTTP Request: GET https://tvcnimbrqzimfggfhqst.supabase.co/rest/v1/fila_cnpj?select=%2A&user_id=eq.1 "HTTP/2 200 OK"
2025-05-21 12:34:03,200 - httpx - INFO - HTTP Request: GET https://tvcnimbrqzimfggfhqst.supabase.co/rest/v1/fila_cnpj?select=%2A&user_id=eq.1 "HTTP/2 200 OK"
2025-05-21 12:34:05,182 - httpx - INFO - HTTP Request: GET https://tvcnimbrqzimfggfhqst.supabase.co/rest/v1/fila_cnpj?select=%2A&user_id=eq.1 "HTTP/2 200 OK"
2025-05-21 12:34:08,204 - httpx - INFO - HTTP Request: GET https://tvcnimbrqzimfggfhqst.supabase.co/rest/v1/fila_cnpj?select=%2A&user_id=eq.1 "HTTP/2 200 OK"
2025-05-21 12:34:13,200 - httpx - INFO - HTTP Request: GET https://tvcnimbrqzimfggfhqst.supabase.co/rest/v1/fila_cnpj?select=%2A&user_id=eq.1 "HTTP/2 200 OK"
2025-05-21 12:34:18,187 - httpx - INFO - HTTP Request: GET https://tvcnimbrqzimfggfhqst.supabase.co/rest/v1/fila_cnpj?select=%2A&user_id=eq.1 "HTTP/2 200 OK"
2025-05-21 12:34:23,358 - httpx - INFO - HTTP Request: GET https://tvcnimbrqzimfggfhqst.supabase.co/rest/v1/fila_cnpj?select=%2A&user_id=eq.1 "HTTP/2 200 OK"
2025-05-21 12:34:28,196 - httpx - INFO - HTTP Request: GET https://tvcnimbrqzimfggfhqst.supabase.co/rest/v1/fila_cnpj?select=%2A&user_id=eq.1 "HTTP/2 200 OK"
2025-05-21 12:34:33,177 - httpx - INFO - HTTP Request: GET https://tvcnimbrqzimfggfhqst.supabase.co/rest/v1/fila_cnpj?select=%2A&user_id=eq.1 "HTTP/2 200 OK"
2025-05-21 12:34:40,228 - httpx - INFO - HTTP Request: GET https://tvcnimbrqzimfggfhqst.supabase.co/rest/v1/fila_cnpj?select=%2A&user_id=eq.1 "HTTP/2 200 OK"
2025-05-21 12:34:40,276 - httpx - INFO - HTTP Request: GET https://tvcnimbrqzimfggfhqst.supabase.co/rest/v1/fila_cnpj?select=%2A&user_id=eq.1 "HTTP/2 200 OK"
2025-05-21 12:35:40,235 - httpx - INFO - HTTP Request: GET https://tvcnimbrqzimfggfhqst.supabase.co/rest/v1/fila_cnpj?select=%2A&user_id=eq.1 "HTTP/2 200 OK"
2025-05-21 12:35:40,291 - httpx - INFO - HTTP Request: GET https://tvcnimbrqzimfggfhqst.supabase.co/rest/v1/fila_cnpj?select=%2A&user_id=eq.1 "HTTP/2 200 OK"
2025-05-21 12:35:55,544 - root - INFO - Cleaning up Chrome processes...
2025-05-21 12:35:56,750 - root - INFO - Chrome process cleanup completed
2025-05-21 12:36:01,718 - root - INFO - Cleaning up Chrome processes...
2025-05-21 12:36:02,826 - root - INFO - Chrome process cleanup completed
2025-05-21 12:36:40,357 - app.database.config - INFO - Cliente Supabase inicializado com sucesso
2025-05-21 12:36:40,611 - httpx - INFO - HTTP Request: GET https://tvcnimbrqzimfggfhqst.supabase.co/rest/v1/fila_cnpj?select=%2A&user_id=eq.1 "HTTP/2 200 OK"
2025-05-21 12:36:40,660 - httpx - INFO - HTTP Request: GET https://tvcnimbrqzimfggfhqst.supabase.co/rest/v1/fila_cnpj?select=%2A&user_id=eq.1 "HTTP/2 200 OK"
2025-05-21 12:37:40,241 - httpx - INFO - HTTP Request: GET https://tvcnimbrqzimfggfhqst.supabase.co/rest/v1/fila_cnpj?select=%2A&user_id=eq.1 "HTTP/2 200 OK"
2025-05-21 12:37:40,302 - httpx - INFO - HTTP Request: GET https://tvcnimbrqzimfggfhqst.supabase.co/rest/v1/fila_cnpj?select=%2A&user_id=eq.1 "HTTP/2 200 OK"
2025-05-21 12:38:40,394 - httpx - INFO - HTTP Request: GET https://tvcnimbrqzimfggfhqst.supabase.co/rest/v1/fila_cnpj?select=%2A&user_id=eq.1 "HTTP/2 200 OK"
2025-05-21 12:38:40,452 - httpx - INFO - HTTP Request: GET https://tvcnimbrqzimfggfhqst.supabase.co/rest/v1/fila_cnpj?select=%2A&user_id=eq.1 "HTTP/2 200 OK"
2025-05-21 12:39:40,244 - httpx - INFO - HTTP Request: GET https://tvcnimbrqzimfggfhqst.supabase.co/rest/v1/fila_cnpj?select=%2A&user_id=eq.1 "HTTP/2 200 OK"
2025-05-21 12:39:40,305 - httpx - INFO - HTTP Request: GET https://tvcnimbrqzimfggfhqst.supabase.co/rest/v1/fila_cnpj?select=%2A&user_id=eq.1 "HTTP/2 200 OK"
2025-05-21 12:40:40,418 - httpx - INFO - HTTP Request: GET https://tvcnimbrqzimfggfhqst.supabase.co/rest/v1/fila_cnpj?select=%2A&user_id=eq.1 "HTTP/2 200 OK"
2025-05-21 12:40:40,462 - httpx - INFO - HTTP Request: GET https://tvcnimbrqzimfggfhqst.supabase.co/rest/v1/fila_cnpj?select=%2A&user_id=eq.1 "HTTP/2 200 OK"
2025-05-21 12:41:40,239 - httpx - INFO - HTTP Request: GET https://tvcnimbrqzimfggfhqst.supabase.co/rest/v1/fila_cnpj?select=%2A&user_id=eq.1 "HTTP/2 200 OK"
2025-05-21 12:41:40,285 - httpx - INFO - HTTP Request: GET https://tvcnimbrqzimfggfhqst.supabase.co/rest/v1/fila_cnpj?select=%2A&user_id=eq.1 "HTTP/2 200 OK"
2025-05-21 12:42:40,676 - httpx - INFO - HTTP Request: GET https://tvcnimbrqzimfggfhqst.supabase.co/rest/v1/fila_cnpj?select=%2A&user_id=eq.1 "HTTP/2 200 OK"
2025-05-21 12:42:40,734 - httpx - INFO - HTTP Request: GET https://tvcnimbrqzimfggfhqst.supabase.co/rest/v1/fila_cnpj?select=%2A&user_id=eq.1 "HTTP/2 200 OK"
2025-05-21 12:43:40,256 - httpx - INFO - HTTP Request: GET https://tvcnimbrqzimfggfhqst.supabase.co/rest/v1/fila_cnpj?select=%2A&user_id=eq.1 "HTTP/2 200 OK"
2025-05-21 12:43:40,350 - httpx - INFO - HTTP Request: GET https://tvcnimbrqzimfggfhqst.supabase.co/rest/v1/fila_cnpj?select=%2A&user_id=eq.1 "HTTP/2 200 OK"
2025-05-21 12:44:40,432 - httpx - INFO - HTTP Request: GET https://tvcnimbrqzimfggfhqst.supabase.co/rest/v1/fila_cnpj?select=%2A&user_id=eq.1 "HTTP/2 200 OK"
2025-05-21 12:44:40,515 - httpx - INFO - HTTP Request: GET https://tvcnimbrqzimfggfhqst.supabase.co/rest/v1/fila_cnpj?select=%2A&user_id=eq.1 "HTTP/2 200 OK"
2025-05-21 12:45:40,251 - httpx - INFO - HTTP Request: GET https://tvcnimbrqzimfggfhqst.supabase.co/rest/v1/fila_cnpj?select=%2A&user_id=eq.1 "HTTP/2 200 OK"
2025-05-21 12:45:40,325 - httpx - INFO - HTTP Request: GET https://tvcnimbrqzimfggfhqst.supabase.co/rest/v1/fila_cnpj?select=%2A&user_id=eq.1 "HTTP/2 200 OK"
2025-05-21 12:46:40,397 - httpx - INFO - HTTP Request: GET https://tvcnimbrqzimfggfhqst.supabase.co/rest/v1/fila_cnpj?select=%2A&user_id=eq.1 "HTTP/2 200 OK"
2025-05-21 12:46:40,460 - httpx - INFO - HTTP Request: GET https://tvcnimbrqzimfggfhqst.supabase.co/rest/v1/fila_cnpj?select=%2A&user_id=eq.1 "HTTP/2 200 OK"
2025-05-21 12:47:40,261 - httpx - INFO - HTTP Request: GET https://tvcnimbrqzimfggfhqst.supabase.co/rest/v1/fila_cnpj?select=%2A&user_id=eq.1 "HTTP/2 200 OK"
2025-05-21 12:47:40,330 - httpx - INFO - HTTP Request: GET https://tvcnimbrqzimfggfhqst.supabase.co/rest/v1/fila_cnpj?select=%2A&user_id=eq.1 "HTTP/2 200 OK"
2025-05-21 12:48:40,423 - httpx - INFO - HTTP Request: GET https://tvcnimbrqzimfggfhqst.supabase.co/rest/v1/fila_cnpj?select=%2A&user_id=eq.1 "HTTP/2 200 OK"
2025-05-21 12:48:40,482 - httpx - INFO - HTTP Request: GET https://tvcnimbrqzimfggfhqst.supabase.co/rest/v1/fila_cnpj?select=%2A&user_id=eq.1 "HTTP/2 200 OK"
2025-05-21 12:54:22,238 - app.database.config - ERROR - Erro ao obter CNPJs: [Errno 11001] getaddrinfo failed
2025-05-21 12:54:22,271 - app.database.config - ERROR - Erro ao obter CNPJs: [Errno 11001] getaddrinfo failed
2025-05-21 12:54:40,413 - httpx - INFO - HTTP Request: GET https://tvcnimbrqzimfggfhqst.supabase.co/rest/v1/fila_cnpj?select=%2A&user_id=eq.1 "HTTP/2 200 OK"
2025-05-21 12:54:40,467 - httpx - INFO - HTTP Request: GET https://tvcnimbrqzimfggfhqst.supabase.co/rest/v1/fila_cnpj?select=%2A&user_id=eq.1 "HTTP/2 200 OK"
2025-05-21 12:54:50,717 - root - INFO - Cleaning up Chrome processes...
2025-05-21 12:54:52,047 - root - INFO - Chrome process cleanup completed
2025-05-21 12:54:59,562 - root - INFO - Cleaning up Chrome processes...
2025-05-21 12:55:06,793 - root - INFO - Cleaning up Chrome processes...
2025-05-21 12:55:08,137 - root - INFO - Chrome process cleanup completed
2025-05-21 12:55:29,622 - root - INFO - Cleaning up Chrome processes...
2025-05-21 12:55:31,835 - root - INFO - Terminating Chrome process: 24160
2025-05-21 12:55:32,098 - root - INFO - Terminating Chrome process: 31512
2025-05-21 12:55:32,237 - root - INFO - Terminating Chrome process: 33024
2025-05-21 12:55:32,613 - root - INFO - Chrome process cleanup completed
2025-05-21 12:55:39,242 - root - INFO - Cleaning up Chrome processes...
2025-05-21 12:55:41,921 - root - INFO - Chrome process cleanup completed
2025-05-21 12:55:42,187 - app.database.config - INFO - Cliente Supabase inicializado com sucesso
2025-05-21 12:55:42,252 - httpx - INFO - HTTP Request: GET https://tvcnimbrqzimfggfhqst.supabase.co/rest/v1/fila_cnpj?select=%2A&user_id=eq.1 "HTTP/2 200 OK"
2025-05-21 12:55:42,304 - httpx - INFO - HTTP Request: GET https://tvcnimbrqzimfggfhqst.supabase.co/rest/v1/fila_cnpj?select=%2A&user_id=eq.1 "HTTP/2 200 OK"
2025-05-21 12:56:40,378 - httpx - INFO - HTTP Request: GET https://tvcnimbrqzimfggfhqst.supabase.co/rest/v1/fila_cnpj?select=%2A&user_id=eq.1 "HTTP/2 200 OK"
2025-05-21 12:56:40,432 - httpx - INFO - HTTP Request: GET https://tvcnimbrqzimfggfhqst.supabase.co/rest/v1/fila_cnpj?select=%2A&user_id=eq.1 "HTTP/2 200 OK"
2025-05-21 12:56:41,910 - httpx - INFO - HTTP Request: GET https://tvcnimbrqzimfggfhqst.supabase.co/rest/v1/fila_cnpj?select=%2A&user_id=eq.1 "HTTP/2 200 OK"
2025-05-21 12:56:42,765 - httpx - INFO - HTTP Request: GET https://tvcnimbrqzimfggfhqst.supabase.co/rest/v1/fila_cnpj?select=%2A&user_id=eq.1 "HTTP/2 200 OK"
2025-05-21 12:56:47,139 - httpx - INFO - HTTP Request: GET https://tvcnimbrqzimfggfhqst.supabase.co/rest/v1/fila_cnpj?select=%2A&user_id=eq.1 "HTTP/2 200 OK"
2025-05-21 12:56:47,238 - httpx - INFO - HTTP Request: GET https://tvcnimbrqzimfggfhqst.supabase.co/rest/v1/fila_cnpj?select=%2A&user_id=eq.1 "HTTP/2 200 OK"
2025-05-21 12:56:52,159 - httpx - INFO - HTTP Request: GET https://tvcnimbrqzimfggfhqst.supabase.co/rest/v1/fila_cnpj?select=%2A&user_id=eq.1 "HTTP/2 200 OK"
2025-05-21 12:56:52,224 - httpx - INFO - HTTP Request: GET https://tvcnimbrqzimfggfhqst.supabase.co/rest/v1/fila_cnpj?select=%2A&user_id=eq.1 "HTTP/2 200 OK"
2025-05-21 12:56:57,148 - httpx - INFO - HTTP Request: GET https://tvcnimbrqzimfggfhqst.supabase.co/rest/v1/fila_cnpj?select=%2A&user_id=eq.1 "HTTP/2 200 OK"
2025-05-21 12:56:58,169 - httpx - INFO - HTTP Request: GET https://tvcnimbrqzimfggfhqst.supabase.co/rest/v1/fila_cnpj?select=%2A&user_id=eq.1 "HTTP/2 200 OK"
2025-05-21 12:57:02,152 - httpx - INFO - HTTP Request: GET https://tvcnimbrqzimfggfhqst.supabase.co/rest/v1/fila_cnpj?select=%2A&user_id=eq.1 "HTTP/2 200 OK"
2025-05-21 12:57:03,153 - httpx - INFO - HTTP Request: GET https://tvcnimbrqzimfggfhqst.supabase.co/rest/v1/fila_cnpj?select=%2A&user_id=eq.1 "HTTP/2 200 OK"
2025-05-21 12:57:07,146 - httpx - INFO - HTTP Request: GET https://tvcnimbrqzimfggfhqst.supabase.co/rest/v1/fila_cnpj?select=%2A&user_id=eq.1 "HTTP/2 200 OK"
2025-05-21 12:57:08,145 - httpx - INFO - HTTP Request: GET https://tvcnimbrqzimfggfhqst.supabase.co/rest/v1/fila_cnpj?select=%2A&user_id=eq.1 "HTTP/2 200 OK"
2025-05-21 12:57:12,158 - httpx - INFO - HTTP Request: GET https://tvcnimbrqzimfggfhqst.supabase.co/rest/v1/fila_cnpj?select=%2A&user_id=eq.1 "HTTP/2 200 OK"
2025-05-21 12:57:13,150 - httpx - INFO - HTTP Request: GET https://tvcnimbrqzimfggfhqst.supabase.co/rest/v1/fila_cnpj?select=%2A&user_id=eq.1 "HTTP/2 200 OK"
2025-05-21 12:57:17,148 - httpx - INFO - HTTP Request: GET https://tvcnimbrqzimfggfhqst.supabase.co/rest/v1/fila_cnpj?select=%2A&user_id=eq.1 "HTTP/2 200 OK"
2025-05-21 12:57:18,148 - httpx - INFO - HTTP Request: GET https://tvcnimbrqzimfggfhqst.supabase.co/rest/v1/fila_cnpj?select=%2A&user_id=eq.1 "HTTP/2 200 OK"
2025-05-21 12:57:22,148 - httpx - INFO - HTTP Request: GET https://tvcnimbrqzimfggfhqst.supabase.co/rest/v1/fila_cnpj?select=%2A&user_id=eq.1 "HTTP/2 200 OK"
2025-05-21 12:57:23,142 - httpx - INFO - HTTP Request: GET https://tvcnimbrqzimfggfhqst.supabase.co/rest/v1/fila_cnpj?select=%2A&user_id=eq.1 "HTTP/2 200 OK"
2025-05-21 12:57:27,139 - httpx - INFO - HTTP Request: GET https://tvcnimbrqzimfggfhqst.supabase.co/rest/v1/fila_cnpj?select=%2A&user_id=eq.1 "HTTP/2 200 OK"
2025-05-21 12:57:28,145 - httpx - INFO - HTTP Request: GET https://tvcnimbrqzimfggfhqst.supabase.co/rest/v1/fila_cnpj?select=%2A&user_id=eq.1 "HTTP/2 200 OK"
2025-05-21 12:57:32,157 - httpx - INFO - HTTP Request: GET https://tvcnimbrqzimfggfhqst.supabase.co/rest/v1/fila_cnpj?select=%2A&user_id=eq.1 "HTTP/2 200 OK"
2025-05-21 12:57:33,163 - httpx - INFO - HTTP Request: GET https://tvcnimbrqzimfggfhqst.supabase.co/rest/v1/fila_cnpj?select=%2A&user_id=eq.1 "HTTP/2 200 OK"
2025-05-21 12:57:37,157 - httpx - INFO - HTTP Request: GET https://tvcnimbrqzimfggfhqst.supabase.co/rest/v1/fila_cnpj?select=%2A&user_id=eq.1 "HTTP/2 200 OK"
2025-05-21 12:57:38,151 - httpx - INFO - HTTP Request: GET https://tvcnimbrqzimfggfhqst.supabase.co/rest/v1/fila_cnpj?select=%2A&user_id=eq.1 "HTTP/2 200 OK"
2025-05-21 12:57:42,154 - httpx - INFO - HTTP Request: GET https://tvcnimbrqzimfggfhqst.supabase.co/rest/v1/fila_cnpj?select=%2A&user_id=eq.1 "HTTP/2 200 OK"
2025-05-21 12:57:43,150 - httpx - INFO - HTTP Request: GET https://tvcnimbrqzimfggfhqst.supabase.co/rest/v1/fila_cnpj?select=%2A&user_id=eq.1 "HTTP/2 200 OK"
2025-05-21 12:57:48,159 - httpx - INFO - HTTP Request: GET https://tvcnimbrqzimfggfhqst.supabase.co/rest/v1/fila_cnpj?select=%2A&user_id=eq.1 "HTTP/2 200 OK"
2025-05-21 12:57:53,145 - httpx - INFO - HTTP Request: GET https://tvcnimbrqzimfggfhqst.supabase.co/rest/v1/fila_cnpj?select=%2A&user_id=eq.1 "HTTP/2 200 OK"
2025-05-21 12:57:58,150 - httpx - INFO - HTTP Request: GET https://tvcnimbrqzimfggfhqst.supabase.co/rest/v1/fila_cnpj?select=%2A&user_id=eq.1 "HTTP/2 200 OK"
2025-05-21 12:58:03,156 - httpx - INFO - HTTP Request: GET https://tvcnimbrqzimfggfhqst.supabase.co/rest/v1/fila_cnpj?select=%2A&user_id=eq.1 "HTTP/2 200 OK"
2025-05-21 12:58:40,622 - httpx - INFO - HTTP Request: GET https://tvcnimbrqzimfggfhqst.supabase.co/rest/v1/fila_cnpj?select=%2A&user_id=eq.1 "HTTP/2 200 OK"
2025-05-21 12:58:40,664 - httpx - INFO - HTTP Request: GET https://tvcnimbrqzimfggfhqst.supabase.co/rest/v1/fila_cnpj?select=%2A&user_id=eq.1 "HTTP/2 200 OK"
2025-05-21 12:59:40,211 - httpx - INFO - HTTP Request: GET https://tvcnimbrqzimfggfhqst.supabase.co/rest/v1/fila_cnpj?select=%2A&user_id=eq.1 "HTTP/2 200 OK"
2025-05-21 12:59:40,249 - httpx - INFO - HTTP Request: GET https://tvcnimbrqzimfggfhqst.supabase.co/rest/v1/fila_cnpj?select=%2A&user_id=eq.1 "HTTP/2 200 OK"
2025-05-21 13:00:40,383 - httpx - INFO - HTTP Request: GET https://tvcnimbrqzimfggfhqst.supabase.co/rest/v1/fila_cnpj?select=%2A&user_id=eq.1 "HTTP/2 200 OK"
2025-05-21 13:00:40,433 - httpx - INFO - HTTP Request: GET https://tvcnimbrqzimfggfhqst.supabase.co/rest/v1/fila_cnpj?select=%2A&user_id=eq.1 "HTTP/2 200 OK"
2025-05-21 13:01:40,234 - httpx - INFO - HTTP Request: GET https://tvcnimbrqzimfggfhqst.supabase.co/rest/v1/fila_cnpj?select=%2A&user_id=eq.1 "HTTP/2 200 OK"
2025-05-21 13:01:40,280 - httpx - INFO - HTTP Request: GET https://tvcnimbrqzimfggfhqst.supabase.co/rest/v1/fila_cnpj?select=%2A&user_id=eq.1 "HTTP/2 200 OK"
2025-05-21 13:02:40,393 - httpx - INFO - HTTP Request: GET https://tvcnimbrqzimfggfhqst.supabase.co/rest/v1/fila_cnpj?select=%2A&user_id=eq.1 "HTTP/2 200 OK"
2025-05-21 13:02:40,451 - httpx - INFO - HTTP Request: GET https://tvcnimbrqzimfggfhqst.supabase.co/rest/v1/fila_cnpj?select=%2A&user_id=eq.1 "HTTP/2 200 OK"
2025-05-21 13:03:40,220 - httpx - INFO - HTTP Request: GET https://tvcnimbrqzimfggfhqst.supabase.co/rest/v1/fila_cnpj?select=%2A&user_id=eq.1 "HTTP/2 200 OK"
2025-05-21 13:03:40,279 - httpx - INFO - HTTP Request: GET https://tvcnimbrqzimfggfhqst.supabase.co/rest/v1/fila_cnpj?select=%2A&user_id=eq.1 "HTTP/2 200 OK"
2025-05-21 13:04:40,412 - httpx - INFO - HTTP Request: GET https://tvcnimbrqzimfggfhqst.supabase.co/rest/v1/fila_cnpj?select=%2A&user_id=eq.1 "HTTP/2 200 OK"
2025-05-21 13:04:40,491 - httpx - INFO - HTTP Request: GET https://tvcnimbrqzimfggfhqst.supabase.co/rest/v1/fila_cnpj?select=%2A&user_id=eq.1 "HTTP/2 200 OK"
2025-05-21 13:05:40,205 - httpx - INFO - HTTP Request: GET https://tvcnimbrqzimfggfhqst.supabase.co/rest/v1/fila_cnpj?select=%2A&user_id=eq.1 "HTTP/2 200 OK"
2025-05-21 13:05:40,269 - httpx - INFO - HTTP Request: GET https://tvcnimbrqzimfggfhqst.supabase.co/rest/v1/fila_cnpj?select=%2A&user_id=eq.1 "HTTP/2 200 OK"
2025-05-21 13:05:46,797 - root - INFO - Cleaning up Chrome processes...
2025-05-21 13:05:47,739 - root - INFO - Chrome process cleanup completed
2025-05-21 13:05:52,945 - root - INFO - Cleaning up Chrome processes...
2025-05-21 13:05:54,068 - root - INFO - Chrome process cleanup completed
2025-05-21 13:05:54,826 - app.database.config - INFO - Cliente Supabase inicializado com sucesso
2025-05-21 13:05:54,911 - httpx - INFO - HTTP Request: GET https://tvcnimbrqzimfggfhqst.supabase.co/rest/v1/fila_cnpj?select=%2A&user_id=eq.1 "HTTP/2 200 OK"
2025-05-21 13:05:55,905 - httpx - INFO - HTTP Request: GET https://tvcnimbrqzimfggfhqst.supabase.co/rest/v1/fila_cnpj?select=%2A&user_id=eq.1 "HTTP/2 200 OK"
2025-05-21 13:05:56,912 - httpx - INFO - HTTP Request: GET https://tvcnimbrqzimfggfhqst.supabase.co/rest/v1/fila_cnpj?select=%2A&user_id=eq.1 "HTTP/2 200 OK"
2025-05-21 13:06:01,899 - httpx - INFO - HTTP Request: GET https://tvcnimbrqzimfggfhqst.supabase.co/rest/v1/fila_cnpj?select=%2A&user_id=eq.1 "HTTP/2 200 OK"
2025-05-21 13:06:06,918 - httpx - INFO - HTTP Request: GET https://tvcnimbrqzimfggfhqst.supabase.co/rest/v1/fila_cnpj?select=%2A&user_id=eq.1 "HTTP/2 200 OK"
2025-05-21 13:06:12,191 - httpx - INFO - HTTP Request: GET https://tvcnimbrqzimfggfhqst.supabase.co/rest/v1/fila_cnpj?select=%2A&user_id=eq.1 "HTTP/2 200 OK"
2025-05-21 13:06:17,182 - httpx - INFO - HTTP Request: GET https://tvcnimbrqzimfggfhqst.supabase.co/rest/v1/fila_cnpj?select=%2A&user_id=eq.1 "HTTP/2 200 OK"
2025-05-21 13:06:21,918 - httpx - INFO - HTTP Request: GET https://tvcnimbrqzimfggfhqst.supabase.co/rest/v1/fila_cnpj?select=%2A&user_id=eq.1 "HTTP/2 200 OK"
2025-05-21 13:06:27,367 - httpx - INFO - HTTP Request: GET https://tvcnimbrqzimfggfhqst.supabase.co/rest/v1/fila_cnpj?select=%2A&user_id=eq.1 "HTTP/2 200 OK"
2025-05-21 13:06:32,150 - httpx - INFO - HTTP Request: GET https://tvcnimbrqzimfggfhqst.supabase.co/rest/v1/fila_cnpj?select=%2A&user_id=eq.1 "HTTP/2 200 OK"
2025-05-21 13:06:37,153 - httpx - INFO - HTTP Request: GET https://tvcnimbrqzimfggfhqst.supabase.co/rest/v1/fila_cnpj?select=%2A&user_id=eq.1 "HTTP/2 200 OK"
2025-05-21 13:06:42,162 - httpx - INFO - HTTP Request: GET https://tvcnimbrqzimfggfhqst.supabase.co/rest/v1/fila_cnpj?select=%2A&user_id=eq.1 "HTTP/2 200 OK"
2025-05-21 13:06:47,156 - httpx - INFO - HTTP Request: GET https://tvcnimbrqzimfggfhqst.supabase.co/rest/v1/fila_cnpj?select=%2A&user_id=eq.1 "HTTP/2 200 OK"
2025-05-21 13:06:52,161 - httpx - INFO - HTTP Request: GET https://tvcnimbrqzimfggfhqst.supabase.co/rest/v1/fila_cnpj?select=%2A&user_id=eq.1 "HTTP/2 200 OK"
2025-05-21 13:06:57,167 - httpx - INFO - HTTP Request: GET https://tvcnimbrqzimfggfhqst.supabase.co/rest/v1/fila_cnpj?select=%2A&user_id=eq.1 "HTTP/2 200 OK"
2025-05-21 13:07:01,905 - httpx - INFO - HTTP Request: GET https://tvcnimbrqzimfggfhqst.supabase.co/rest/v1/fila_cnpj?select=%2A&user_id=eq.1 "HTTP/2 200 OK"
2025-05-21 13:07:06,910 - httpx - INFO - HTTP Request: GET https://tvcnimbrqzimfggfhqst.supabase.co/rest/v1/fila_cnpj?select=%2A&user_id=eq.1 "HTTP/2 200 OK"
2025-05-21 13:07:11,915 - httpx - INFO - HTTP Request: GET https://tvcnimbrqzimfggfhqst.supabase.co/rest/v1/fila_cnpj?select=%2A&user_id=eq.1 "HTTP/2 200 OK"
2025-05-21 13:07:16,899 - httpx - INFO - HTTP Request: GET https://tvcnimbrqzimfggfhqst.supabase.co/rest/v1/fila_cnpj?select=%2A&user_id=eq.1 "HTTP/2 200 OK"
2025-05-21 13:07:21,913 - httpx - INFO - HTTP Request: GET https://tvcnimbrqzimfggfhqst.supabase.co/rest/v1/fila_cnpj?select=%2A&user_id=eq.1 "HTTP/2 200 OK"
2025-05-21 13:07:26,914 - httpx - INFO - HTTP Request: GET https://tvcnimbrqzimfggfhqst.supabase.co/rest/v1/fila_cnpj?select=%2A&user_id=eq.1 "HTTP/2 200 OK"
2025-05-21 13:07:31,912 - httpx - INFO - HTTP Request: GET https://tvcnimbrqzimfggfhqst.supabase.co/rest/v1/fila_cnpj?select=%2A&user_id=eq.1 "HTTP/2 200 OK"
2025-05-21 13:07:36,910 - httpx - INFO - HTTP Request: GET https://tvcnimbrqzimfggfhqst.supabase.co/rest/v1/fila_cnpj?select=%2A&user_id=eq.1 "HTTP/2 200 OK"
2025-05-21 13:07:41,935 - httpx - INFO - HTTP Request: GET https://tvcnimbrqzimfggfhqst.supabase.co/rest/v1/fila_cnpj?select=%2A&user_id=eq.1 "HTTP/2 200 OK"
2025-05-21 13:07:46,914 - httpx - INFO - HTTP Request: GET https://tvcnimbrqzimfggfhqst.supabase.co/rest/v1/fila_cnpj?select=%2A&user_id=eq.1 "HTTP/2 200 OK"
2025-05-21 13:07:51,917 - httpx - INFO - HTTP Request: GET https://tvcnimbrqzimfggfhqst.supabase.co/rest/v1/fila_cnpj?select=%2A&user_id=eq.1 "HTTP/2 200 OK"
2025-05-21 13:07:56,903 - httpx - INFO - HTTP Request: GET https://tvcnimbrqzimfggfhqst.supabase.co/rest/v1/fila_cnpj?select=%2A&user_id=eq.1 "HTTP/2 200 OK"
2025-05-21 13:08:01,909 - httpx - INFO - HTTP Request: GET https://tvcnimbrqzimfggfhqst.supabase.co/rest/v1/fila_cnpj?select=%2A&user_id=eq.1 "HTTP/2 200 OK"
2025-05-21 13:08:06,909 - httpx - INFO - HTTP Request: GET https://tvcnimbrqzimfggfhqst.supabase.co/rest/v1/fila_cnpj?select=%2A&user_id=eq.1 "HTTP/2 200 OK"
2025-05-21 13:08:12,098 - httpx - INFO - HTTP Request: GET https://tvcnimbrqzimfggfhqst.supabase.co/rest/v1/fila_cnpj?select=%2A&user_id=eq.1 "HTTP/2 200 OK"
2025-05-21 13:08:16,903 - httpx - INFO - HTTP Request: GET https://tvcnimbrqzimfggfhqst.supabase.co/rest/v1/fila_cnpj?select=%2A&user_id=eq.1 "HTTP/2 200 OK"
2025-05-21 13:08:21,904 - httpx - INFO - HTTP Request: GET https://tvcnimbrqzimfggfhqst.supabase.co/rest/v1/fila_cnpj?select=%2A&user_id=eq.1 "HTTP/2 200 OK"
2025-05-21 13:08:26,913 - httpx - INFO - HTTP Request: GET https://tvcnimbrqzimfggfhqst.supabase.co/rest/v1/fila_cnpj?select=%2A&user_id=eq.1 "HTTP/2 200 OK"
2025-05-21 13:08:31,908 - httpx - INFO - HTTP Request: GET https://tvcnimbrqzimfggfhqst.supabase.co/rest/v1/fila_cnpj?select=%2A&user_id=eq.1 "HTTP/2 200 OK"
2025-05-21 13:08:36,906 - httpx - INFO - HTTP Request: GET https://tvcnimbrqzimfggfhqst.supabase.co/rest/v1/fila_cnpj?select=%2A&user_id=eq.1 "HTTP/2 200 OK"
2025-05-21 13:08:41,907 - httpx - INFO - HTTP Request: GET https://tvcnimbrqzimfggfhqst.supabase.co/rest/v1/fila_cnpj?select=%2A&user_id=eq.1 "HTTP/2 200 OK"
2025-05-21 13:08:46,909 - httpx - INFO - HTTP Request: GET https://tvcnimbrqzimfggfhqst.supabase.co/rest/v1/fila_cnpj?select=%2A&user_id=eq.1 "HTTP/2 200 OK"
2025-05-21 13:08:51,906 - httpx - INFO - HTTP Request: GET https://tvcnimbrqzimfggfhqst.supabase.co/rest/v1/fila_cnpj?select=%2A&user_id=eq.1 "HTTP/2 200 OK"
2025-05-21 13:08:56,912 - httpx - INFO - HTTP Request: GET https://tvcnimbrqzimfggfhqst.supabase.co/rest/v1/fila_cnpj?select=%2A&user_id=eq.1 "HTTP/2 200 OK"
2025-05-21 13:09:01,914 - httpx - INFO - HTTP Request: GET https://tvcnimbrqzimfggfhqst.supabase.co/rest/v1/fila_cnpj?select=%2A&user_id=eq.1 "HTTP/2 200 OK"
2025-05-21 13:09:06,903 - httpx - INFO - HTTP Request: GET https://tvcnimbrqzimfggfhqst.supabase.co/rest/v1/fila_cnpj?select=%2A&user_id=eq.1 "HTTP/2 200 OK"
2025-05-21 13:09:11,904 - httpx - INFO - HTTP Request: GET https://tvcnimbrqzimfggfhqst.supabase.co/rest/v1/fila_cnpj?select=%2A&user_id=eq.1 "HTTP/2 200 OK"
2025-05-21 13:09:16,918 - httpx - INFO - HTTP Request: GET https://tvcnimbrqzimfggfhqst.supabase.co/rest/v1/fila_cnpj?select=%2A&user_id=eq.1 "HTTP/2 200 OK"
2025-05-21 13:09:21,918 - httpx - INFO - HTTP Request: GET https://tvcnimbrqzimfggfhqst.supabase.co/rest/v1/fila_cnpj?select=%2A&user_id=eq.1 "HTTP/2 200 OK"
2025-05-21 13:09:26,907 - httpx - INFO - HTTP Request: GET https://tvcnimbrqzimfggfhqst.supabase.co/rest/v1/fila_cnpj?select=%2A&user_id=eq.1 "HTTP/2 200 OK"
2025-05-21 13:09:31,913 - httpx - INFO - HTTP Request: GET https://tvcnimbrqzimfggfhqst.supabase.co/rest/v1/fila_cnpj?select=%2A&user_id=eq.1 "HTTP/2 200 OK"
2025-05-21 13:09:36,913 - httpx - INFO - HTTP Request: GET https://tvcnimbrqzimfggfhqst.supabase.co/rest/v1/fila_cnpj?select=%2A&user_id=eq.1 "HTTP/2 200 OK"
2025-05-21 13:09:41,911 - httpx - INFO - HTTP Request: GET https://tvcnimbrqzimfggfhqst.supabase.co/rest/v1/fila_cnpj?select=%2A&user_id=eq.1 "HTTP/2 200 OK"
2025-05-21 13:09:46,904 - httpx - INFO - HTTP Request: GET https://tvcnimbrqzimfggfhqst.supabase.co/rest/v1/fila_cnpj?select=%2A&user_id=eq.1 "HTTP/2 200 OK"
2025-05-21 13:09:51,907 - httpx - INFO - HTTP Request: GET https://tvcnimbrqzimfggfhqst.supabase.co/rest/v1/fila_cnpj?select=%2A&user_id=eq.1 "HTTP/2 200 OK"
2025-05-21 13:09:57,084 - httpx - INFO - HTTP Request: GET https://tvcnimbrqzimfggfhqst.supabase.co/rest/v1/fila_cnpj?select=%2A&user_id=eq.1 "HTTP/2 200 OK"
2025-05-21 13:10:01,915 - httpx - INFO - HTTP Request: GET https://tvcnimbrqzimfggfhqst.supabase.co/rest/v1/fila_cnpj?select=%2A&user_id=eq.1 "HTTP/2 200 OK"
2025-05-21 13:10:06,900 - httpx - INFO - HTTP Request: GET https://tvcnimbrqzimfggfhqst.supabase.co/rest/v1/fila_cnpj?select=%2A&user_id=eq.1 "HTTP/2 200 OK"
2025-05-21 13:10:11,920 - httpx - INFO - HTTP Request: GET https://tvcnimbrqzimfggfhqst.supabase.co/rest/v1/fila_cnpj?select=%2A&user_id=eq.1 "HTTP/2 200 OK"
2025-05-21 13:10:16,920 - httpx - INFO - HTTP Request: GET https://tvcnimbrqzimfggfhqst.supabase.co/rest/v1/fila_cnpj?select=%2A&user_id=eq.1 "HTTP/2 200 OK"
2025-05-21 13:10:21,899 - httpx - INFO - HTTP Request: GET https://tvcnimbrqzimfggfhqst.supabase.co/rest/v1/fila_cnpj?select=%2A&user_id=eq.1 "HTTP/2 200 OK"
2025-05-21 13:10:26,907 - httpx - INFO - HTTP Request: GET https://tvcnimbrqzimfggfhqst.supabase.co/rest/v1/fila_cnpj?select=%2A&user_id=eq.1 "HTTP/2 200 OK"
2025-05-21 13:10:31,916 - httpx - INFO - HTTP Request: GET https://tvcnimbrqzimfggfhqst.supabase.co/rest/v1/fila_cnpj?select=%2A&user_id=eq.1 "HTTP/2 200 OK"
2025-05-21 13:10:36,910 - httpx - INFO - HTTP Request: GET https://tvcnimbrqzimfggfhqst.supabase.co/rest/v1/fila_cnpj?select=%2A&user_id=eq.1 "HTTP/2 200 OK"
2025-05-21 13:10:41,902 - httpx - INFO - HTTP Request: GET https://tvcnimbrqzimfggfhqst.supabase.co/rest/v1/fila_cnpj?select=%2A&user_id=eq.1 "HTTP/2 200 OK"
2025-05-21 13:10:46,903 - httpx - INFO - HTTP Request: GET https://tvcnimbrqzimfggfhqst.supabase.co/rest/v1/fila_cnpj?select=%2A&user_id=eq.1 "HTTP/2 200 OK"
2025-05-21 13:10:51,915 - httpx - INFO - HTTP Request: GET https://tvcnimbrqzimfggfhqst.supabase.co/rest/v1/fila_cnpj?select=%2A&user_id=eq.1 "HTTP/2 200 OK"
2025-05-21 13:10:56,913 - httpx - INFO - HTTP Request: GET https://tvcnimbrqzimfggfhqst.supabase.co/rest/v1/fila_cnpj?select=%2A&user_id=eq.1 "HTTP/2 200 OK"
2025-05-21 13:11:01,917 - httpx - INFO - HTTP Request: GET https://tvcnimbrqzimfggfhqst.supabase.co/rest/v1/fila_cnpj?select=%2A&user_id=eq.1 "HTTP/2 200 OK"
2025-05-21 13:11:06,919 - httpx - INFO - HTTP Request: GET https://tvcnimbrqzimfggfhqst.supabase.co/rest/v1/fila_cnpj?select=%2A&user_id=eq.1 "HTTP/2 200 OK"
2025-05-21 13:11:11,923 - httpx - INFO - HTTP Request: GET https://tvcnimbrqzimfggfhqst.supabase.co/rest/v1/fila_cnpj?select=%2A&user_id=eq.1 "HTTP/2 200 OK"
2025-05-21 13:11:16,916 - httpx - INFO - HTTP Request: GET https://tvcnimbrqzimfggfhqst.supabase.co/rest/v1/fila_cnpj?select=%2A&user_id=eq.1 "HTTP/2 200 OK"
2025-05-21 13:11:21,908 - httpx - INFO - HTTP Request: GET https://tvcnimbrqzimfggfhqst.supabase.co/rest/v1/fila_cnpj?select=%2A&user_id=eq.1 "HTTP/2 200 OK"
2025-05-21 13:11:26,913 - httpx - INFO - HTTP Request: GET https://tvcnimbrqzimfggfhqst.supabase.co/rest/v1/fila_cnpj?select=%2A&user_id=eq.1 "HTTP/2 200 OK"
2025-05-21 13:11:31,912 - httpx - INFO - HTTP Request: GET https://tvcnimbrqzimfggfhqst.supabase.co/rest/v1/fila_cnpj?select=%2A&user_id=eq.1 "HTTP/2 200 OK"
2025-05-21 13:11:36,928 - httpx - INFO - HTTP Request: GET https://tvcnimbrqzimfggfhqst.supabase.co/rest/v1/fila_cnpj?select=%2A&user_id=eq.1 "HTTP/2 200 OK"
2025-05-21 13:11:42,090 - httpx - INFO - HTTP Request: GET https://tvcnimbrqzimfggfhqst.supabase.co/rest/v1/fila_cnpj?select=%2A&user_id=eq.1 "HTTP/2 200 OK"
2025-05-21 13:11:46,902 - httpx - INFO - HTTP Request: GET https://tvcnimbrqzimfggfhqst.supabase.co/rest/v1/fila_cnpj?select=%2A&user_id=eq.1 "HTTP/2 200 OK"
2025-05-21 13:11:51,911 - httpx - INFO - HTTP Request: GET https://tvcnimbrqzimfggfhqst.supabase.co/rest/v1/fila_cnpj?select=%2A&user_id=eq.1 "HTTP/2 200 OK"
2025-05-21 13:11:56,919 - httpx - INFO - HTTP Request: GET https://tvcnimbrqzimfggfhqst.supabase.co/rest/v1/fila_cnpj?select=%2A&user_id=eq.1 "HTTP/2 200 OK"
2025-05-21 13:12:01,917 - httpx - INFO - HTTP Request: GET https://tvcnimbrqzimfggfhqst.supabase.co/rest/v1/fila_cnpj?select=%2A&user_id=eq.1 "HTTP/2 200 OK"
2025-05-21 13:12:06,906 - httpx - INFO - HTTP Request: GET https://tvcnimbrqzimfggfhqst.supabase.co/rest/v1/fila_cnpj?select=%2A&user_id=eq.1 "HTTP/2 200 OK"
2025-05-21 13:12:12,181 - httpx - INFO - HTTP Request: GET https://tvcnimbrqzimfggfhqst.supabase.co/rest/v1/fila_cnpj?select=%2A&user_id=eq.1 "HTTP/2 200 OK"
2025-05-21 13:12:17,146 - httpx - INFO - HTTP Request: GET https://tvcnimbrqzimfggfhqst.supabase.co/rest/v1/fila_cnpj?select=%2A&user_id=eq.1 "HTTP/2 200 OK"
2025-05-21 13:12:22,155 - httpx - INFO - HTTP Request: GET https://tvcnimbrqzimfggfhqst.supabase.co/rest/v1/fila_cnpj?select=%2A&user_id=eq.1 "HTTP/2 200 OK"
2025-05-21 13:12:27,145 - httpx - INFO - HTTP Request: GET https://tvcnimbrqzimfggfhqst.supabase.co/rest/v1/fila_cnpj?select=%2A&user_id=eq.1 "HTTP/2 200 OK"
2025-05-21 13:12:32,161 - httpx - INFO - HTTP Request: GET https://tvcnimbrqzimfggfhqst.supabase.co/rest/v1/fila_cnpj?select=%2A&user_id=eq.1 "HTTP/2 200 OK"
2025-05-21 13:12:37,154 - httpx - INFO - HTTP Request: GET https://tvcnimbrqzimfggfhqst.supabase.co/rest/v1/fila_cnpj?select=%2A&user_id=eq.1 "HTTP/2 200 OK"
2025-05-21 13:12:42,158 - httpx - INFO - HTTP Request: GET https://tvcnimbrqzimfggfhqst.supabase.co/rest/v1/fila_cnpj?select=%2A&user_id=eq.1 "HTTP/2 200 OK"
2025-05-21 13:12:47,150 - httpx - INFO - HTTP Request: GET https://tvcnimbrqzimfggfhqst.supabase.co/rest/v1/fila_cnpj?select=%2A&user_id=eq.1 "HTTP/2 200 OK"
2025-05-21 13:12:52,165 - httpx - INFO - HTTP Request: GET https://tvcnimbrqzimfggfhqst.supabase.co/rest/v1/fila_cnpj?select=%2A&user_id=eq.1 "HTTP/2 200 OK"
2025-05-21 13:12:57,158 - httpx - INFO - HTTP Request: GET https://tvcnimbrqzimfggfhqst.supabase.co/rest/v1/fila_cnpj?select=%2A&user_id=eq.1 "HTTP/2 200 OK"
2025-05-21 13:13:02,157 - httpx - INFO - HTTP Request: GET https://tvcnimbrqzimfggfhqst.supabase.co/rest/v1/fila_cnpj?select=%2A&user_id=eq.1 "HTTP/2 200 OK"
2025-05-21 13:13:07,159 - httpx - INFO - HTTP Request: GET https://tvcnimbrqzimfggfhqst.supabase.co/rest/v1/fila_cnpj?select=%2A&user_id=eq.1 "HTTP/2 200 OK"
2025-05-21 13:13:40,361 - httpx - INFO - HTTP Request: GET https://tvcnimbrqzimfggfhqst.supabase.co/rest/v1/fila_cnpj?select=%2A&user_id=eq.1 "HTTP/2 200 OK"
2025-05-21 13:14:40,211 - httpx - INFO - HTTP Request: GET https://tvcnimbrqzimfggfhqst.supabase.co/rest/v1/fila_cnpj?select=%2A&user_id=eq.1 "HTTP/2 200 OK"
2025-05-21 13:15:40,384 - httpx - INFO - HTTP Request: GET https://tvcnimbrqzimfggfhqst.supabase.co/rest/v1/fila_cnpj?select=%2A&user_id=eq.1 "HTTP/2 200 OK"
2025-05-21 13:16:40,216 - httpx - INFO - HTTP Request: GET https://tvcnimbrqzimfggfhqst.supabase.co/rest/v1/fila_cnpj?select=%2A&user_id=eq.1 "HTTP/2 200 OK"
2025-05-21 13:17:40,650 - httpx - INFO - HTTP Request: GET https://tvcnimbrqzimfggfhqst.supabase.co/rest/v1/fila_cnpj?select=%2A&user_id=eq.1 "HTTP/2 200 OK"
2025-05-21 13:18:40,202 - httpx - INFO - HTTP Request: GET https://tvcnimbrqzimfggfhqst.supabase.co/rest/v1/fila_cnpj?select=%2A&user_id=eq.1 "HTTP/2 200 OK"
2025-05-21 13:19:40,355 - httpx - INFO - HTTP Request: GET https://tvcnimbrqzimfggfhqst.supabase.co/rest/v1/fila_cnpj?select=%2A&user_id=eq.1 "HTTP/2 200 OK"
2025-05-21 13:20:40,209 - httpx - INFO - HTTP Request: GET https://tvcnimbrqzimfggfhqst.supabase.co/rest/v1/fila_cnpj?select=%2A&user_id=eq.1 "HTTP/2 200 OK"
2025-05-21 13:21:40,382 - httpx - INFO - HTTP Request: GET https://tvcnimbrqzimfggfhqst.supabase.co/rest/v1/fila_cnpj?select=%2A&user_id=eq.1 "HTTP/2 200 OK"
2025-05-21 13:33:16,133 - app.database.config - ERROR - Erro ao obter CNPJs: [Errno 11001] getaddrinfo failed
2025-05-21 13:33:30,720 - httpx - INFO - HTTP Request: GET https://tvcnimbrqzimfggfhqst.supabase.co/rest/v1/fila_cnpj?select=%2A&user_id=eq.1 "HTTP/2 200 OK"
2025-05-21 13:33:30,774 - httpx - INFO - HTTP Request: GET https://tvcnimbrqzimfggfhqst.supabase.co/rest/v1/fila_cnpj?select=%2A&user_id=eq.1 "HTTP/2 200 OK"
2025-05-21 13:33:36,244 - httpx - INFO - HTTP Request: GET https://tvcnimbrqzimfggfhqst.supabase.co/rest/v1/fila_cnpj?select=%2A&user_id=eq.1 "HTTP/2 200 OK"
2025-05-21 13:33:41,123 - httpx - INFO - HTTP Request: GET https://tvcnimbrqzimfggfhqst.supabase.co/rest/v1/fila_cnpj?select=%2A&user_id=eq.1 "HTTP/2 200 OK"
2025-05-21 13:33:46,123 - httpx - INFO - HTTP Request: GET https://tvcnimbrqzimfggfhqst.supabase.co/rest/v1/fila_cnpj?select=%2A&user_id=eq.1 "HTTP/2 200 OK"
2025-05-21 13:33:51,134 - httpx - INFO - HTTP Request: GET https://tvcnimbrqzimfggfhqst.supabase.co/rest/v1/fila_cnpj?select=%2A&user_id=eq.1 "HTTP/2 200 OK"
2025-05-21 13:33:56,125 - httpx - INFO - HTTP Request: GET https://tvcnimbrqzimfggfhqst.supabase.co/rest/v1/fila_cnpj?select=%2A&user_id=eq.1 "HTTP/2 200 OK"
2025-05-21 13:34:01,118 - httpx - INFO - HTTP Request: GET https://tvcnimbrqzimfggfhqst.supabase.co/rest/v1/fila_cnpj?select=%2A&user_id=eq.1 "HTTP/2 200 OK"
2025-05-21 13:34:06,108 - httpx - INFO - HTTP Request: GET https://tvcnimbrqzimfggfhqst.supabase.co/rest/v1/fila_cnpj?select=%2A&user_id=eq.1 "HTTP/2 200 OK"
2025-05-21 13:34:11,116 - httpx - INFO - HTTP Request: GET https://tvcnimbrqzimfggfhqst.supabase.co/rest/v1/fila_cnpj?select=%2A&user_id=eq.1 "HTTP/2 200 OK"
2025-05-21 13:34:15,658 - httpx - INFO - HTTP Request: GET https://tvcnimbrqzimfggfhqst.supabase.co/rest/v1/fila_cnpj?select=%2A&user_id=eq.1 "HTTP/2 200 OK"
2025-05-21 13:34:20,659 - httpx - INFO - HTTP Request: GET https://tvcnimbrqzimfggfhqst.supabase.co/rest/v1/fila_cnpj?select=%2A&user_id=eq.1 "HTTP/2 200 OK"
2025-05-21 13:34:25,669 - httpx - INFO - HTTP Request: GET https://tvcnimbrqzimfggfhqst.supabase.co/rest/v1/fila_cnpj?select=%2A&user_id=eq.1 "HTTP/2 200 OK"
2025-05-21 13:34:30,664 - httpx - INFO - HTTP Request: GET https://tvcnimbrqzimfggfhqst.supabase.co/rest/v1/fila_cnpj?select=%2A&user_id=eq.1 "HTTP/2 200 OK"
2025-05-21 13:34:35,663 - httpx - INFO - HTTP Request: GET https://tvcnimbrqzimfggfhqst.supabase.co/rest/v1/fila_cnpj?select=%2A&user_id=eq.1 "HTTP/2 200 OK"
2025-05-21 13:34:40,687 - httpx - INFO - HTTP Request: GET https://tvcnimbrqzimfggfhqst.supabase.co/rest/v1/fila_cnpj?select=%2A&user_id=eq.1 "HTTP/2 200 OK"
2025-05-21 13:34:45,697 - httpx - INFO - HTTP Request: GET https://tvcnimbrqzimfggfhqst.supabase.co/rest/v1/fila_cnpj?select=%2A&user_id=eq.1 "HTTP/2 200 OK"
2025-05-21 13:34:50,669 - httpx - INFO - HTTP Request: GET https://tvcnimbrqzimfggfhqst.supabase.co/rest/v1/fila_cnpj?select=%2A&user_id=eq.1 "HTTP/2 200 OK"
2025-05-21 13:34:55,666 - httpx - INFO - HTTP Request: GET https://tvcnimbrqzimfggfhqst.supabase.co/rest/v1/fila_cnpj?select=%2A&user_id=eq.1 "HTTP/2 200 OK"
2025-05-21 13:35:00,720 - httpx - INFO - HTTP Request: GET https://tvcnimbrqzimfggfhqst.supabase.co/rest/v1/fila_cnpj?select=%2A&user_id=eq.1 "HTTP/2 200 OK"
2025-05-21 13:35:05,703 - httpx - INFO - HTTP Request: GET https://tvcnimbrqzimfggfhqst.supabase.co/rest/v1/fila_cnpj?select=%2A&user_id=eq.1 "HTTP/2 200 OK"
2025-05-21 13:35:10,779 - httpx - INFO - HTTP Request: GET https://tvcnimbrqzimfggfhqst.supabase.co/rest/v1/fila_cnpj?select=%2A&user_id=eq.1 "HTTP/2 200 OK"
2025-05-21 13:35:15,827 - httpx - INFO - HTTP Request: GET https://tvcnimbrqzimfggfhqst.supabase.co/rest/v1/fila_cnpj?select=%2A&user_id=eq.1 "HTTP/2 200 OK"
2025-05-21 13:35:20,653 - httpx - INFO - HTTP Request: GET https://tvcnimbrqzimfggfhqst.supabase.co/rest/v1/fila_cnpj?select=%2A&user_id=eq.1 "HTTP/2 200 OK"
2025-05-21 13:35:25,648 - httpx - INFO - HTTP Request: GET https://tvcnimbrqzimfggfhqst.supabase.co/rest/v1/fila_cnpj?select=%2A&user_id=eq.1 "HTTP/2 200 OK"
2025-05-21 13:35:30,676 - httpx - INFO - HTTP Request: GET https://tvcnimbrqzimfggfhqst.supabase.co/rest/v1/fila_cnpj?select=%2A&user_id=eq.1 "HTTP/2 200 OK"
2025-05-21 13:35:35,662 - httpx - INFO - HTTP Request: GET https://tvcnimbrqzimfggfhqst.supabase.co/rest/v1/fila_cnpj?select=%2A&user_id=eq.1 "HTTP/2 200 OK"
2025-05-21 13:35:40,672 - httpx - INFO - HTTP Request: GET https://tvcnimbrqzimfggfhqst.supabase.co/rest/v1/fila_cnpj?select=%2A&user_id=eq.1 "HTTP/2 200 OK"
2025-05-21 13:35:46,171 - httpx - INFO - HTTP Request: GET https://tvcnimbrqzimfggfhqst.supabase.co/rest/v1/fila_cnpj?select=%2A&user_id=eq.1 "HTTP/2 200 OK"
2025-05-21 13:35:51,137 - httpx - INFO - HTTP Request: GET https://tvcnimbrqzimfggfhqst.supabase.co/rest/v1/fila_cnpj?select=%2A&user_id=eq.1 "HTTP/2 200 OK"
2025-05-21 13:35:56,134 - httpx - INFO - HTTP Request: GET https://tvcnimbrqzimfggfhqst.supabase.co/rest/v1/fila_cnpj?select=%2A&user_id=eq.1 "HTTP/2 200 OK"
2025-05-21 13:36:01,115 - httpx - INFO - HTTP Request: GET https://tvcnimbrqzimfggfhqst.supabase.co/rest/v1/fila_cnpj?select=%2A&user_id=eq.1 "HTTP/2 200 OK"
2025-05-21 13:36:06,121 - httpx - INFO - HTTP Request: GET https://tvcnimbrqzimfggfhqst.supabase.co/rest/v1/fila_cnpj?select=%2A&user_id=eq.1 "HTTP/2 200 OK"
2025-05-21 13:36:11,127 - httpx - INFO - HTTP Request: GET https://tvcnimbrqzimfggfhqst.supabase.co/rest/v1/fila_cnpj?select=%2A&user_id=eq.1 "HTTP/2 200 OK"
2025-05-21 13:36:16,125 - httpx - INFO - HTTP Request: GET https://tvcnimbrqzimfggfhqst.supabase.co/rest/v1/fila_cnpj?select=%2A&user_id=eq.1 "HTTP/2 200 OK"
2025-05-21 13:36:21,132 - httpx - INFO - HTTP Request: GET https://tvcnimbrqzimfggfhqst.supabase.co/rest/v1/fila_cnpj?select=%2A&user_id=eq.1 "HTTP/2 200 OK"
2025-05-21 13:36:26,137 - httpx - INFO - HTTP Request: GET https://tvcnimbrqzimfggfhqst.supabase.co/rest/v1/fila_cnpj?select=%2A&user_id=eq.1 "HTTP/2 200 OK"
2025-05-21 13:36:31,132 - httpx - INFO - HTTP Request: GET https://tvcnimbrqzimfggfhqst.supabase.co/rest/v1/fila_cnpj?select=%2A&user_id=eq.1 "HTTP/2 200 OK"
2025-05-21 13:36:36,142 - httpx - INFO - HTTP Request: GET https://tvcnimbrqzimfggfhqst.supabase.co/rest/v1/fila_cnpj?select=%2A&user_id=eq.1 "HTTP/2 200 OK"
2025-05-21 13:36:41,117 - httpx - INFO - HTTP Request: GET https://tvcnimbrqzimfggfhqst.supabase.co/rest/v1/fila_cnpj?select=%2A&user_id=eq.1 "HTTP/2 200 OK"
2025-05-21 13:37:40,344 - httpx - INFO - HTTP Request: GET https://tvcnimbrqzimfggfhqst.supabase.co/rest/v1/fila_cnpj?select=%2A&user_id=eq.1 "HTTP/2 200 OK"
2025-05-21 13:38:40,192 - httpx - INFO - HTTP Request: GET https://tvcnimbrqzimfggfhqst.supabase.co/rest/v1/fila_cnpj?select=%2A&user_id=eq.1 "HTTP/2 200 OK"
2025-05-21 13:39:40,596 - httpx - INFO - HTTP Request: GET https://tvcnimbrqzimfggfhqst.supabase.co/rest/v1/fila_cnpj?select=%2A&user_id=eq.1 "HTTP/2 200 OK"
2025-05-21 13:40:40,190 - httpx - INFO - HTTP Request: GET https://tvcnimbrqzimfggfhqst.supabase.co/rest/v1/fila_cnpj?select=%2A&user_id=eq.1 "HTTP/2 200 OK"
2025-05-21 13:41:09,519 - httpx - INFO - HTTP Request: GET https://tvcnimbrqzimfggfhqst.supabase.co/rest/v1/fila_cnpj?select=%2A&user_id=eq.1 "HTTP/2 200 OK"
2025-05-21 13:41:10,684 - httpx - INFO - HTTP Request: GET https://tvcnimbrqzimfggfhqst.supabase.co/rest/v1/fila_cnpj?select=%2A&user_id=eq.1 "HTTP/2 200 OK"
2025-05-21 13:41:15,675 - httpx - INFO - HTTP Request: GET https://tvcnimbrqzimfggfhqst.supabase.co/rest/v1/fila_cnpj?select=%2A&user_id=eq.1 "HTTP/2 200 OK"
2025-05-21 13:41:20,655 - httpx - INFO - HTTP Request: GET https://tvcnimbrqzimfggfhqst.supabase.co/rest/v1/fila_cnpj?select=%2A&user_id=eq.1 "HTTP/2 200 OK"
2025-05-21 13:41:25,822 - httpx - INFO - HTTP Request: GET https://tvcnimbrqzimfggfhqst.supabase.co/rest/v1/fila_cnpj?select=%2A&user_id=eq.1 "HTTP/2 200 OK"
2025-05-21 13:41:31,197 - httpx - INFO - HTTP Request: GET https://tvcnimbrqzimfggfhqst.supabase.co/rest/v1/fila_cnpj?select=%2A&user_id=eq.1 "HTTP/2 200 OK"
2025-05-21 13:41:36,133 - httpx - INFO - HTTP Request: GET https://tvcnimbrqzimfggfhqst.supabase.co/rest/v1/fila_cnpj?select=%2A&user_id=eq.1 "HTTP/2 200 OK"
2025-05-21 13:41:41,159 - httpx - INFO - HTTP Request: GET https://tvcnimbrqzimfggfhqst.supabase.co/rest/v1/fila_cnpj?select=%2A&user_id=eq.1 "HTTP/2 200 OK"
2025-05-21 13:41:46,141 - httpx - INFO - HTTP Request: GET https://tvcnimbrqzimfggfhqst.supabase.co/rest/v1/fila_cnpj?select=%2A&user_id=eq.1 "HTTP/2 200 OK"
2025-05-21 13:41:51,129 - httpx - INFO - HTTP Request: GET https://tvcnimbrqzimfggfhqst.supabase.co/rest/v1/fila_cnpj?select=%2A&user_id=eq.1 "HTTP/2 200 OK"
2025-05-21 13:41:56,148 - httpx - INFO - HTTP Request: GET https://tvcnimbrqzimfggfhqst.supabase.co/rest/v1/fila_cnpj?select=%2A&user_id=eq.1 "HTTP/2 200 OK"
2025-05-21 13:42:01,154 - httpx - INFO - HTTP Request: GET https://tvcnimbrqzimfggfhqst.supabase.co/rest/v1/fila_cnpj?select=%2A&user_id=eq.1 "HTTP/2 200 OK"
2025-05-21 13:42:06,161 - httpx - INFO - HTTP Request: GET https://tvcnimbrqzimfggfhqst.supabase.co/rest/v1/fila_cnpj?select=%2A&user_id=eq.1 "HTTP/2 200 OK"
2025-05-21 13:42:11,138 - httpx - INFO - HTTP Request: GET https://tvcnimbrqzimfggfhqst.supabase.co/rest/v1/fila_cnpj?select=%2A&user_id=eq.1 "HTTP/2 200 OK"
2025-05-21 13:42:16,135 - httpx - INFO - HTTP Request: GET https://tvcnimbrqzimfggfhqst.supabase.co/rest/v1/fila_cnpj?select=%2A&user_id=eq.1 "HTTP/2 200 OK"
2025-05-21 13:42:21,132 - httpx - INFO - HTTP Request: GET https://tvcnimbrqzimfggfhqst.supabase.co/rest/v1/fila_cnpj?select=%2A&user_id=eq.1 "HTTP/2 200 OK"
2025-05-21 13:42:26,150 - httpx - INFO - HTTP Request: GET https://tvcnimbrqzimfggfhqst.supabase.co/rest/v1/fila_cnpj?select=%2A&user_id=eq.1 "HTTP/2 200 OK"
2025-05-21 13:42:40,170 - httpx - INFO - HTTP Request: GET https://tvcnimbrqzimfggfhqst.supabase.co/rest/v1/fila_cnpj?select=%2A&user_id=eq.1 "HTTP/2 200 OK"
2025-05-21 13:42:56,158 - httpx - INFO - HTTP Request: GET https://tvcnimbrqzimfggfhqst.supabase.co/rest/v1/fila_cnpj?select=%2A&user_id=eq.1 "HTTP/2 200 OK"
2025-05-21 13:43:02,145 - httpx - INFO - HTTP Request: GET https://tvcnimbrqzimfggfhqst.supabase.co/rest/v1/fila_cnpj?select=%2A&user_id=eq.1 "HTTP/2 200 OK"
2025-05-21 13:43:02,194 - httpx - INFO - HTTP Request: GET https://tvcnimbrqzimfggfhqst.supabase.co/rest/v1/fila_cnpj?select=%2A&user_id=eq.1 "HTTP/2 200 OK"
2025-05-21 13:43:08,147 - httpx - INFO - HTTP Request: GET https://tvcnimbrqzimfggfhqst.supabase.co/rest/v1/fila_cnpj?select=%2A&user_id=eq.1 "HTTP/2 200 OK"
2025-05-21 13:43:09,295 - httpx - INFO - HTTP Request: GET https://tvcnimbrqzimfggfhqst.supabase.co/rest/v1/fila_cnpj?select=%2A&user_id=eq.1 "HTTP/2 200 OK"
2025-05-21 13:43:11,129 - httpx - INFO - HTTP Request: GET https://tvcnimbrqzimfggfhqst.supabase.co/rest/v1/fila_cnpj?select=%2A&user_id=eq.1 "HTTP/2 200 OK"
2025-05-21 13:43:15,128 - httpx - INFO - HTTP Request: GET https://tvcnimbrqzimfggfhqst.supabase.co/rest/v1/fila_cnpj?select=%2A&user_id=eq.1 "HTTP/2 200 OK"
2025-05-21 13:43:17,146 - httpx - INFO - HTTP Request: GET https://tvcnimbrqzimfggfhqst.supabase.co/rest/v1/fila_cnpj?select=%2A&user_id=eq.1 "HTTP/2 200 OK"
2025-05-21 13:43:23,132 - httpx - INFO - HTTP Request: GET https://tvcnimbrqzimfggfhqst.supabase.co/rest/v1/fila_cnpj?select=%2A&user_id=eq.1 "HTTP/2 200 OK"
2025-05-21 13:43:28,122 - httpx - INFO - HTTP Request: GET https://tvcnimbrqzimfggfhqst.supabase.co/rest/v1/fila_cnpj?select=%2A&user_id=eq.1 "HTTP/2 200 OK"
2025-05-21 13:43:30,484 - httpx - INFO - HTTP Request: GET https://tvcnimbrqzimfggfhqst.supabase.co/rest/v1/fila_cnpj?select=%2A&user_id=eq.1 "HTTP/2 200 OK"
2025-05-21 13:43:31,680 - httpx - INFO - HTTP Request: GET https://tvcnimbrqzimfggfhqst.supabase.co/rest/v1/fila_cnpj?select=%2A&user_id=eq.1 "HTTP/2 200 OK"
2025-05-21 13:43:32,895 - httpx - INFO - HTTP Request: GET https://tvcnimbrqzimfggfhqst.supabase.co/rest/v1/fila_cnpj?select=%2A&user_id=eq.1 "HTTP/2 200 OK"
2025-05-21 13:43:38,162 - httpx - INFO - HTTP Request: GET https://tvcnimbrqzimfggfhqst.supabase.co/rest/v1/fila_cnpj?select=%2A&user_id=eq.1 "HTTP/2 200 OK"
2025-05-21 13:43:43,122 - httpx - INFO - HTTP Request: GET https://tvcnimbrqzimfggfhqst.supabase.co/rest/v1/fila_cnpj?select=%2A&user_id=eq.1 "HTTP/2 200 OK"
2025-05-21 13:43:45,130 - httpx - INFO - HTTP Request: GET https://tvcnimbrqzimfggfhqst.supabase.co/rest/v1/fila_cnpj?select=%2A&user_id=eq.1 "HTTP/2 200 OK"
2025-05-21 13:43:51,194 - httpx - INFO - HTTP Request: GET https://tvcnimbrqzimfggfhqst.supabase.co/rest/v1/fila_cnpj?select=%2A&user_id=eq.1 "HTTP/2 200 OK"
2025-05-21 13:43:52,111 - httpx - INFO - HTTP Request: GET https://tvcnimbrqzimfggfhqst.supabase.co/rest/v1/fila_cnpj?select=%2A&user_id=eq.1 "HTTP/2 200 OK"
2025-05-21 13:43:58,146 - httpx - INFO - HTTP Request: GET https://tvcnimbrqzimfggfhqst.supabase.co/rest/v1/fila_cnpj?select=%2A&user_id=eq.1 "HTTP/2 200 OK"
2025-05-21 13:44:03,113 - httpx - INFO - HTTP Request: GET https://tvcnimbrqzimfggfhqst.supabase.co/rest/v1/fila_cnpj?select=%2A&user_id=eq.1 "HTTP/2 200 OK"
2025-05-21 13:44:08,125 - httpx - INFO - HTTP Request: GET https://tvcnimbrqzimfggfhqst.supabase.co/rest/v1/fila_cnpj?select=%2A&user_id=eq.1 "HTTP/2 200 OK"
2025-05-21 13:44:13,112 - httpx - INFO - HTTP Request: GET https://tvcnimbrqzimfggfhqst.supabase.co/rest/v1/fila_cnpj?select=%2A&user_id=eq.1 "HTTP/2 200 OK"
2025-05-21 13:44:18,118 - httpx - INFO - HTTP Request: GET https://tvcnimbrqzimfggfhqst.supabase.co/rest/v1/fila_cnpj?select=%2A&user_id=eq.1 "HTTP/2 200 OK"
2025-05-21 13:44:23,115 - httpx - INFO - HTTP Request: GET https://tvcnimbrqzimfggfhqst.supabase.co/rest/v1/fila_cnpj?select=%2A&user_id=eq.1 "HTTP/2 200 OK"
2025-05-21 13:44:28,123 - httpx - INFO - HTTP Request: GET https://tvcnimbrqzimfggfhqst.supabase.co/rest/v1/fila_cnpj?select=%2A&user_id=eq.1 "HTTP/2 200 OK"
2025-05-21 13:44:33,112 - httpx - INFO - HTTP Request: GET https://tvcnimbrqzimfggfhqst.supabase.co/rest/v1/fila_cnpj?select=%2A&user_id=eq.1 "HTTP/2 200 OK"
2025-05-21 13:44:40,153 - httpx - INFO - HTTP Request: GET https://tvcnimbrqzimfggfhqst.supabase.co/rest/v1/fila_cnpj?select=%2A&user_id=eq.1 "HTTP/2 200 OK"
2025-05-21 13:45:40,326 - httpx - INFO - HTTP Request: GET https://tvcnimbrqzimfggfhqst.supabase.co/rest/v1/fila_cnpj?select=%2A&user_id=eq.1 "HTTP/2 200 OK"
2025-05-21 13:46:38,154 - httpx - INFO - HTTP Request: GET https://tvcnimbrqzimfggfhqst.supabase.co/rest/v1/fila_cnpj?select=%2A&user_id=eq.1 "HTTP/2 200 OK"
2025-05-21 13:46:42,709 - httpx - INFO - HTTP Request: GET https://tvcnimbrqzimfggfhqst.supabase.co/rest/v1/fila_cnpj?select=%2A&user_id=eq.1 "HTTP/2 200 OK"
2025-05-21 13:46:43,570 - httpx - INFO - HTTP Request: GET https://tvcnimbrqzimfggfhqst.supabase.co/rest/v1/fila_cnpj?select=%2A&user_id=eq.1 "HTTP/2 200 OK"
2025-05-21 13:46:46,368 - httpx - INFO - HTTP Request: GET https://tvcnimbrqzimfggfhqst.supabase.co/rest/v1/fila_cnpj?select=%2A&user_id=eq.1 "HTTP/2 200 OK"
2025-05-21 13:46:48,308 - httpx - INFO - HTTP Request: GET https://tvcnimbrqzimfggfhqst.supabase.co/rest/v1/fila_cnpj?select=%2A&user_id=eq.1 "HTTP/2 200 OK"
2025-05-21 13:46:49,207 - httpx - INFO - HTTP Request: GET https://tvcnimbrqzimfggfhqst.supabase.co/rest/v1/fila_cnpj?select=%2A&user_id=eq.1 "HTTP/2 200 OK"
2025-05-21 13:46:50,061 - httpx - INFO - HTTP Request: GET https://tvcnimbrqzimfggfhqst.supabase.co/rest/v1/fila_cnpj?select=%2A&user_id=eq.1 "HTTP/2 200 OK"
2025-05-21 13:46:50,814 - httpx - INFO - HTTP Request: GET https://tvcnimbrqzimfggfhqst.supabase.co/rest/v1/fila_cnpj?select=%2A&user_id=eq.1 "HTTP/2 200 OK"
2025-05-21 13:46:55,796 - httpx - INFO - HTTP Request: GET https://tvcnimbrqzimfggfhqst.supabase.co/rest/v1/fila_cnpj?select=%2A&user_id=eq.1 "HTTP/2 200 OK"
2025-05-21 13:46:59,238 - httpx - INFO - HTTP Request: GET https://tvcnimbrqzimfggfhqst.supabase.co/rest/v1/fila_cnpj?select=%2A&user_id=eq.1 "HTTP/2 200 OK"
2025-05-21 13:47:05,137 - httpx - INFO - HTTP Request: GET https://tvcnimbrqzimfggfhqst.supabase.co/rest/v1/fila_cnpj?select=%2A&user_id=eq.1 "HTTP/2 200 OK"
2025-05-21 13:47:10,110 - httpx - INFO - HTTP Request: GET https://tvcnimbrqzimfggfhqst.supabase.co/rest/v1/fila_cnpj?select=%2A&user_id=eq.1 "HTTP/2 200 OK"
2025-05-21 13:47:14,945 - httpx - INFO - HTTP Request: GET https://tvcnimbrqzimfggfhqst.supabase.co/rest/v1/fila_cnpj?select=%2A&user_id=eq.1 "HTTP/2 200 OK"
2025-05-21 13:47:15,230 - httpx - INFO - HTTP Request: GET https://tvcnimbrqzimfggfhqst.supabase.co/rest/v1/fila_cnpj?select=%2A&user_id=eq.1 "HTTP/2 200 OK"
2025-05-21 13:47:16,483 - httpx - INFO - HTTP Request: GET https://tvcnimbrqzimfggfhqst.supabase.co/rest/v1/fila_cnpj?select=%2A&user_id=eq.1 "HTTP/2 200 OK"
2025-05-21 13:47:18,073 - httpx - INFO - HTTP Request: GET https://tvcnimbrqzimfggfhqst.supabase.co/rest/v1/fila_cnpj?select=%2A&user_id=eq.1 "HTTP/2 200 OK"
2025-05-21 13:47:19,041 - httpx - INFO - HTTP Request: GET https://tvcnimbrqzimfggfhqst.supabase.co/rest/v1/fila_cnpj?select=%2A&user_id=eq.1 "HTTP/2 200 OK"
2025-05-21 13:47:19,982 - httpx - INFO - HTTP Request: GET https://tvcnimbrqzimfggfhqst.supabase.co/rest/v1/fila_cnpj?select=%2A&user_id=eq.1 "HTTP/2 200 OK"
2025-05-21 13:47:21,324 - httpx - INFO - HTTP Request: GET https://tvcnimbrqzimfggfhqst.supabase.co/rest/v1/fila_cnpj?select=%2A&user_id=eq.1 "HTTP/2 200 OK"
2025-05-21 13:47:26,497 - httpx - INFO - HTTP Request: GET https://tvcnimbrqzimfggfhqst.supabase.co/rest/v1/fila_cnpj?select=%2A&user_id=eq.1 "HTTP/2 200 OK"
2025-05-21 13:47:31,333 - httpx - INFO - HTTP Request: GET https://tvcnimbrqzimfggfhqst.supabase.co/rest/v1/fila_cnpj?select=%2A&user_id=eq.1 "HTTP/2 200 OK"
2025-05-21 13:47:31,645 - httpx - INFO - HTTP Request: GET https://tvcnimbrqzimfggfhqst.supabase.co/rest/v1/fila_cnpj?select=%2A&user_id=eq.1 "HTTP/2 200 OK"
2025-05-21 13:47:31,702 - httpx - INFO - HTTP Request: GET https://tvcnimbrqzimfggfhqst.supabase.co/rest/v1/fila_cnpj?select=%2A&user_id=eq.1 "HTTP/2 200 OK"
2025-05-21 13:47:31,884 - httpx - INFO - HTTP Request: GET https://tvcnimbrqzimfggfhqst.supabase.co/rest/v1/fila_cnpj?select=%2A&user_id=eq.1 "HTTP/2 200 OK"
2025-05-21 13:47:33,421 - httpx - INFO - HTTP Request: GET https://tvcnimbrqzimfggfhqst.supabase.co/rest/v1/fila_cnpj?select=%2A&user_id=eq.1 "HTTP/2 200 OK"
2025-05-21 13:47:34,345 - httpx - INFO - HTTP Request: GET https://tvcnimbrqzimfggfhqst.supabase.co/rest/v1/fila_cnpj?select=%2A&user_id=eq.1 "HTTP/2 200 OK"
2025-05-21 13:47:34,816 - httpx - INFO - HTTP Request: GET https://tvcnimbrqzimfggfhqst.supabase.co/rest/v1/fila_cnpj?select=%2A&user_id=eq.1 "HTTP/2 200 OK"
2025-05-21 13:47:40,164 - httpx - INFO - HTTP Request: GET https://tvcnimbrqzimfggfhqst.supabase.co/rest/v1/fila_cnpj?select=%2A&user_id=eq.1 "HTTP/2 200 OK"
2025-05-21 13:47:45,112 - httpx - INFO - HTTP Request: GET https://tvcnimbrqzimfggfhqst.supabase.co/rest/v1/fila_cnpj?select=%2A&user_id=eq.1 "HTTP/2 200 OK"
2025-05-21 13:47:50,127 - httpx - INFO - HTTP Request: GET https://tvcnimbrqzimfggfhqst.supabase.co/rest/v1/fila_cnpj?select=%2A&user_id=eq.1 "HTTP/2 200 OK"
2025-05-21 13:47:55,104 - httpx - INFO - HTTP Request: GET https://tvcnimbrqzimfggfhqst.supabase.co/rest/v1/fila_cnpj?select=%2A&user_id=eq.1 "HTTP/2 200 OK"
2025-05-21 13:48:00,130 - httpx - INFO - HTTP Request: GET https://tvcnimbrqzimfggfhqst.supabase.co/rest/v1/fila_cnpj?select=%2A&user_id=eq.1 "HTTP/2 200 OK"
2025-05-21 13:48:05,117 - httpx - INFO - HTTP Request: GET https://tvcnimbrqzimfggfhqst.supabase.co/rest/v1/fila_cnpj?select=%2A&user_id=eq.1 "HTTP/2 200 OK"
2025-05-21 13:48:10,114 - httpx - INFO - HTTP Request: GET https://tvcnimbrqzimfggfhqst.supabase.co/rest/v1/fila_cnpj?select=%2A&user_id=eq.1 "HTTP/2 200 OK"
2025-05-21 13:48:15,100 - httpx - INFO - HTTP Request: GET https://tvcnimbrqzimfggfhqst.supabase.co/rest/v1/fila_cnpj?select=%2A&user_id=eq.1 "HTTP/2 200 OK"
2025-05-21 13:48:20,119 - httpx - INFO - HTTP Request: GET https://tvcnimbrqzimfggfhqst.supabase.co/rest/v1/fila_cnpj?select=%2A&user_id=eq.1 "HTTP/2 200 OK"
2025-05-21 13:48:25,110 - httpx - INFO - HTTP Request: GET https://tvcnimbrqzimfggfhqst.supabase.co/rest/v1/fila_cnpj?select=%2A&user_id=eq.1 "HTTP/2 200 OK"
2025-05-21 13:48:30,103 - httpx - INFO - HTTP Request: GET https://tvcnimbrqzimfggfhqst.supabase.co/rest/v1/fila_cnpj?select=%2A&user_id=eq.1 "HTTP/2 200 OK"
2025-05-21 13:48:35,125 - httpx - INFO - HTTP Request: GET https://tvcnimbrqzimfggfhqst.supabase.co/rest/v1/fila_cnpj?select=%2A&user_id=eq.1 "HTTP/2 200 OK"
2025-05-21 13:48:35,163 - httpx - INFO - HTTP Request: GET https://tvcnimbrqzimfggfhqst.supabase.co/rest/v1/fila_cnpj?select=%2A&user_id=eq.1 "HTTP/2 200 OK"
2025-05-21 13:48:37,125 - httpx - INFO - HTTP Request: GET https://tvcnimbrqzimfggfhqst.supabase.co/rest/v1/fila_cnpj?select=%2A&user_id=eq.1 "HTTP/2 200 OK"
2025-05-21 13:48:43,160 - httpx - INFO - HTTP Request: GET https://tvcnimbrqzimfggfhqst.supabase.co/rest/v1/fila_cnpj?select=%2A&user_id=eq.1 "HTTP/2 200 OK"
2025-05-21 13:48:48,114 - httpx - INFO - HTTP Request: GET https://tvcnimbrqzimfggfhqst.supabase.co/rest/v1/fila_cnpj?select=%2A&user_id=eq.1 "HTTP/2 200 OK"
2025-05-21 13:48:52,117 - httpx - INFO - HTTP Request: GET https://tvcnimbrqzimfggfhqst.supabase.co/rest/v1/fila_cnpj?select=%2A&user_id=eq.1 "HTTP/2 200 OK"
2025-05-21 13:48:58,156 - httpx - INFO - HTTP Request: GET https://tvcnimbrqzimfggfhqst.supabase.co/rest/v1/fila_cnpj?select=%2A&user_id=eq.1 "HTTP/2 200 OK"
2025-05-21 13:49:00,110 - httpx - INFO - HTTP Request: GET https://tvcnimbrqzimfggfhqst.supabase.co/rest/v1/fila_cnpj?select=%2A&user_id=eq.1 "HTTP/2 200 OK"
2025-05-21 13:49:06,143 - httpx - INFO - HTTP Request: GET https://tvcnimbrqzimfggfhqst.supabase.co/rest/v1/fila_cnpj?select=%2A&user_id=eq.1 "HTTP/2 200 OK"
2025-05-21 13:49:07,118 - httpx - INFO - HTTP Request: GET https://tvcnimbrqzimfggfhqst.supabase.co/rest/v1/fila_cnpj?select=%2A&user_id=eq.1 "HTTP/2 200 OK"
2025-05-21 13:49:08,113 - httpx - INFO - HTTP Request: GET https://tvcnimbrqzimfggfhqst.supabase.co/rest/v1/fila_cnpj?select=%2A&user_id=eq.1 "HTTP/2 200 OK"
2025-05-21 13:49:12,402 - httpx - INFO - HTTP Request: GET https://tvcnimbrqzimfggfhqst.supabase.co/rest/v1/fila_cnpj?select=%2A&user_id=eq.1 "HTTP/2 200 OK"
2025-05-21 13:49:12,454 - httpx - INFO - HTTP Request: GET https://tvcnimbrqzimfggfhqst.supabase.co/rest/v1/fila_cnpj?select=%2A&user_id=eq.1 "HTTP/2 200 OK"
2025-05-21 13:49:17,467 - httpx - INFO - HTTP Request: GET https://tvcnimbrqzimfggfhqst.supabase.co/rest/v1/fila_cnpj?select=%2A&user_id=eq.1 "HTTP/2 200 OK"
2025-05-21 13:49:23,159 - httpx - INFO - HTTP Request: GET https://tvcnimbrqzimfggfhqst.supabase.co/rest/v1/fila_cnpj?select=%2A&user_id=eq.1 "HTTP/2 200 OK"
2025-05-21 13:49:28,101 - httpx - INFO - HTTP Request: GET https://tvcnimbrqzimfggfhqst.supabase.co/rest/v1/fila_cnpj?select=%2A&user_id=eq.1 "HTTP/2 200 OK"
2025-05-21 13:49:30,133 - httpx - INFO - HTTP Request: GET https://tvcnimbrqzimfggfhqst.supabase.co/rest/v1/fila_cnpj?select=%2A&user_id=eq.1 "HTTP/2 200 OK"
2025-05-21 13:49:48,149 - httpx - INFO - HTTP Request: GET https://tvcnimbrqzimfggfhqst.supabase.co/rest/v1/fila_cnpj?select=%2A&user_id=eq.1 "HTTP/2 200 OK"
2025-05-21 13:49:59,173 - httpx - INFO - HTTP Request: GET https://tvcnimbrqzimfggfhqst.supabase.co/rest/v1/fila_cnpj?select=%2A&user_id=eq.1 "HTTP/2 200 OK"
2025-05-21 13:50:14,097 - httpx - INFO - HTTP Request: GET https://tvcnimbrqzimfggfhqst.supabase.co/rest/v1/fila_cnpj?select=%2A&user_id=eq.1 "HTTP/2 200 OK"
2025-05-21 13:50:14,822 - httpx - INFO - HTTP Request: GET https://tvcnimbrqzimfggfhqst.supabase.co/rest/v1/fila_cnpj?select=%2A&user_id=eq.1 "HTTP/2 200 OK"
2025-05-21 13:50:15,165 - httpx - INFO - HTTP Request: GET https://tvcnimbrqzimfggfhqst.supabase.co/rest/v1/fila_cnpj?select=%2A&user_id=eq.1 "HTTP/2 200 OK"
2025-05-21 13:50:18,588 - httpx - INFO - HTTP Request: GET https://tvcnimbrqzimfggfhqst.supabase.co/rest/v1/fila_cnpj?select=%2A&user_id=eq.1 "HTTP/2 200 OK"
2025-05-21 13:50:18,701 - httpx - INFO - HTTP Request: GET https://tvcnimbrqzimfggfhqst.supabase.co/rest/v1/fila_cnpj?select=%2A&user_id=eq.1 "HTTP/2 200 OK"
2025-05-21 13:50:18,855 - httpx - INFO - HTTP Request: GET https://tvcnimbrqzimfggfhqst.supabase.co/rest/v1/fila_cnpj?select=%2A&user_id=eq.1 "HTTP/2 200 OK"
2025-05-21 13:50:18,911 - httpx - INFO - HTTP Request: GET https://tvcnimbrqzimfggfhqst.supabase.co/rest/v1/fila_cnpj?select=%2A&user_id=eq.1 "HTTP/2 200 OK"
2025-05-21 13:50:19,046 - httpx - INFO - HTTP Request: GET https://tvcnimbrqzimfggfhqst.supabase.co/rest/v1/fila_cnpj?select=%2A&user_id=eq.1 "HTTP/2 200 OK"
2025-05-21 13:50:19,210 - httpx - INFO - HTTP Request: GET https://tvcnimbrqzimfggfhqst.supabase.co/rest/v1/fila_cnpj?select=%2A&user_id=eq.1 "HTTP/2 200 OK"
2025-05-21 13:50:19,303 - httpx - INFO - HTTP Request: GET https://tvcnimbrqzimfggfhqst.supabase.co/rest/v1/fila_cnpj?select=%2A&user_id=eq.1 "HTTP/2 200 OK"
2025-05-21 13:50:19,438 - httpx - INFO - HTTP Request: GET https://tvcnimbrqzimfggfhqst.supabase.co/rest/v1/fila_cnpj?select=%2A&user_id=eq.1 "HTTP/2 200 OK"
2025-05-21 13:50:19,502 - httpx - INFO - HTTP Request: GET https://tvcnimbrqzimfggfhqst.supabase.co/rest/v1/fila_cnpj?select=%2A&user_id=eq.1 "HTTP/2 200 OK"
2025-05-21 13:50:19,692 - httpx - INFO - HTTP Request: GET https://tvcnimbrqzimfggfhqst.supabase.co/rest/v1/fila_cnpj?select=%2A&user_id=eq.1 "HTTP/2 200 OK"
2025-05-21 13:50:20,810 - httpx - INFO - HTTP Request: GET https://tvcnimbrqzimfggfhqst.supabase.co/rest/v1/fila_cnpj?select=%2A&user_id=eq.1 "HTTP/2 200 OK"
2025-05-21 13:50:28,158 - httpx - INFO - HTTP Request: GET https://tvcnimbrqzimfggfhqst.supabase.co/rest/v1/fila_cnpj?select=%2A&user_id=eq.1 "HTTP/2 200 OK"
2025-05-21 13:50:30,121 - httpx - INFO - HTTP Request: GET https://tvcnimbrqzimfggfhqst.supabase.co/rest/v1/fila_cnpj?select=%2A&user_id=eq.1 "HTTP/2 200 OK"
